Build started 11/22/2024 9:52:23 PM.
Logging verbosity is set to: Diagnostic.21:52:23.978     1>Project "C:\Users\chris\TomatoEngine\glfw.vcxproj" on node 2 (Build target(s)).
21:52:23.978     1>Target "_CheckForInvalidConfigurationAndPlatform: (TargetId:2)" in file "C:\Program Files\Microsoft Visual Studio\2022\Community\MSBuild\Current\Bin\amd64\Microsoft.Common.CurrentVersion.targets" from project "C:\Users\chris\TomatoEngine\glfw.vcxproj" (target "SetTelemetryEnvironmentVariables" depends on it):
21:52:23.980     1>Task "Message" (TaskId:2)
                   Done executing task "Message". (TaskId:2)
                   Task "Message" (TaskId:3)
                   Done executing task "Message". (TaskId:3)
21:52:23.981     1>Done building target "_CheckForInvalidConfigurationAndPlatform" in project "glfw.vcxproj".: (TargetId:2)
21:52:23.981     1>Target "SetTelemetryEnvironmentVariables: (TargetId:3)" in file "C:\Program Files\Microsoft Visual Studio\2022\Community\MSBuild\Microsoft\VC\v170\Microsoft.Cpp.DesignTime.targets" from project "C:\Users\chris\TomatoEngine\glfw.vcxproj" (target "Build" depends on it):
                   Task "SetEnv" (TaskId:4)
                   Done executing task "SetEnv". (TaskId:4)
                   Task "SetEnv" (TaskId:5)
                   Done executing task "SetEnv". (TaskId:5)
                   Task "SetEnv" (TaskId:6)
                   Done executing task "SetEnv". (TaskId:6)
                   Task "SetEnv" (TaskId:7)
                   Done executing task "SetEnv". (TaskId:7)
                   Task "SetEnv" (TaskId:8)
                   Done executing task "SetEnv". (TaskId:8)
21:52:23.981     1>Done building target "SetTelemetryEnvironmentVariables" in project "glfw.vcxproj".: (TargetId:3)
21:52:23.981     1>Target "_PrepareForBuild: (TargetId:4)" in file "C:\Program Files\Microsoft Visual Studio\2022\Community\MSBuild\Microsoft\VC\v170\Microsoft.BuildSteps.Targets" from project "C:\Users\chris\TomatoEngine\glfw.vcxproj" (target "Build" depends on it):
21:52:23.981     1>Done building target "_PrepareForBuild" in project "glfw.vcxproj".: (TargetId:4)
21:52:23.982     1>Target "_PrepareForReferenceResolution: (TargetId:5)" in file "C:\Program Files\Microsoft Visual Studio\2022\Community\MSBuild\Microsoft\VC\v170\Microsoft.CppBuild.targets" from project "C:\Users\chris\TomatoEngine\glfw.vcxproj" (target "ResolveReferences" depends on it):
21:52:23.982     1>Done building target "_PrepareForReferenceResolution" in project "glfw.vcxproj".: (TargetId:5)
21:52:23.982     1>Target "BeforeResolveReferences: (TargetId:6)" in file "C:\Program Files\Microsoft Visual Studio\2022\Community\MSBuild\Current\Bin\amd64\Microsoft.Common.CurrentVersion.targets" from project "C:\Users\chris\TomatoEngine\glfw.vcxproj" (target "ResolveReferences" depends on it):
21:52:23.982     1>Done building target "BeforeResolveReferences" in project "glfw.vcxproj".: (TargetId:6)
21:52:23.982     1>Target "AssignProjectConfiguration: (TargetId:7)" in file "C:\Program Files\Microsoft Visual Studio\2022\Community\MSBuild\Current\Bin\amd64\Microsoft.Common.CurrentVersion.targets" from project "C:\Users\chris\TomatoEngine\glfw.vcxproj" (target "ResolveReferences" depends on it):
                   Task "AssignProjectConfiguration" (TaskId:9)
                   Done executing task "AssignProjectConfiguration". (TaskId:9)
21:52:23.983     1>Done building target "AssignProjectConfiguration" in project "glfw.vcxproj".: (TargetId:7)
21:52:23.983     1>Target "_SplitProjectReferencesByFileExistence: (TargetId:8)" in file "C:\Program Files\Microsoft Visual Studio\2022\Community\MSBuild\Current\Bin\amd64\Microsoft.Common.CurrentVersion.targets" from project "C:\Users\chris\TomatoEngine\glfw.vcxproj" (target "PrepareProjectReferences" depends on it):
21:52:23.983     1>Done building target "_SplitProjectReferencesByFileExistence" in project "glfw.vcxproj".: (TargetId:8)
21:52:23.983     1>Target "_AddOutputPathToGlobalPropertiesToRemove: (TargetId:9)" in file "C:\Program Files\Microsoft Visual Studio\2022\Community\MSBuild\Current\Bin\amd64\Microsoft.Common.CurrentVersion.targets" from project "C:\Users\chris\TomatoEngine\glfw.vcxproj" (target "_GetProjectReferenceTargetFrameworkProperties" depends on it):
21:52:23.983     1>Done building target "_AddOutputPathToGlobalPropertiesToRemove" in project "glfw.vcxproj".: (TargetId:9)
21:52:23.983     1>Target "_GetProjectReferenceTargetFrameworkProperties: (TargetId:10)" in file "C:\Program Files\Microsoft Visual Studio\2022\Community\MSBuild\Current\Bin\amd64\Microsoft.Common.CurrentVersion.targets" from project "C:\Users\chris\TomatoEngine\glfw.vcxproj" (target "PrepareProjectReferences" depends on it):
                   Task "MSBuild" (TaskId:10)
                   Done executing task "MSBuild". (TaskId:10)
                   Task "SetRidAgnosticValueForProjects" (TaskId:11)
                   Done executing task "SetRidAgnosticValueForProjects". (TaskId:11)
21:52:23.985     1>Done building target "_GetProjectReferenceTargetFrameworkProperties" in project "glfw.vcxproj".: (TargetId:10)
21:52:23.985     1>Target "PrepareProjectReferences: (TargetId:11)" in file "C:\Program Files\Microsoft Visual Studio\2022\Community\MSBuild\Current\Bin\amd64\Microsoft.Common.CurrentVersion.targets" from project "C:\Users\chris\TomatoEngine\glfw.vcxproj" (target "ResolveProjectReferences" depends on it):
21:52:23.985     1>Done building target "PrepareProjectReferences" in project "glfw.vcxproj".: (TargetId:11)
21:52:23.985     1>Target "ResolveProjectReferences: (TargetId:12)" in file "C:\Program Files\Microsoft Visual Studio\2022\Community\MSBuild\Current\Bin\amd64\Microsoft.Common.CurrentVersion.targets" from project "C:\Users\chris\TomatoEngine\glfw.vcxproj" (target "ResolveReferences" depends on it):
21:52:23.986     1>Done building target "ResolveProjectReferences" in project "glfw.vcxproj".: (TargetId:12)
21:52:23.986     1>Target "GetFrameworkPaths: (TargetId:13)" in file "C:\Program Files\Microsoft Visual Studio\2022\Community\MSBuild\Current\Bin\amd64\Microsoft.Common.CurrentVersion.targets" from project "C:\Users\chris\TomatoEngine\glfw.vcxproj" (target "ResolveAssemblyReferences" depends on it):
21:52:23.986     1>Done building target "GetFrameworkPaths" in project "glfw.vcxproj".: (TargetId:13)
21:52:23.986     1>Target "GetReferenceAssemblyPaths: (TargetId:14)" in file "C:\Program Files\Microsoft Visual Studio\2022\Community\MSBuild\Current\Bin\amd64\Microsoft.Common.CurrentVersion.targets" from project "C:\Users\chris\TomatoEngine\glfw.vcxproj" (target "ResolveAssemblyReferences" depends on it):
21:52:23.986     1>Done building target "GetReferenceAssemblyPaths" in project "glfw.vcxproj".: (TargetId:14)
21:52:23.986     1>Target "AddExternalIncludDirectoriesToPaths: (TargetId:15)" in file "C:\Program Files\Microsoft Visual Studio\2022\Community\MSBuild\Microsoft\VC\v170\Microsoft.Cpp.Current.targets" from project "C:\Users\chris\TomatoEngine\glfw.vcxproj" (target "SetBuildDefaultEnvironmentVariables" depends on it):
21:52:23.986     1>Done building target "AddExternalIncludDirectoriesToPaths" in project "glfw.vcxproj".: (TargetId:15)
21:52:23.986     1>Target "SetBuildDefaultEnvironmentVariables: (TargetId:16)" in file "C:\Program Files\Microsoft Visual Studio\2022\Community\MSBuild\Microsoft\VC\v170\Microsoft.Cpp.Current.targets" from project "C:\Users\chris\TomatoEngine\glfw.vcxproj" (target "PrepareForBuild" depends on it):
                   Task "SetEnv" (TaskId:12)
                   Done executing task "SetEnv". (TaskId:12)
                   Task "SetEnv" (TaskId:13)
                   Done executing task "SetEnv". (TaskId:13)
                   Task "SetEnv" (TaskId:14)
                   Done executing task "SetEnv". (TaskId:14)
                   Task "SetEnv" (TaskId:15)
                   Done executing task "SetEnv". (TaskId:15)
                   Task "SetEnv" (TaskId:16)
                   Done executing task "SetEnv". (TaskId:16)
21:52:23.986     1>Done building target "SetBuildDefaultEnvironmentVariables" in project "glfw.vcxproj".: (TargetId:16)
21:52:23.986     1>Target "GetResolvedWinMD: (TargetId:17)" in file "C:\Program Files\Microsoft Visual Studio\2022\Community\MSBuild\Microsoft\VC\v170\Microsoft.CppBuild.targets" from project "C:\Users\chris\TomatoEngine\glfw.vcxproj" (target "PrepareForBuild" depends on it):
21:52:23.986     1>Done building target "GetResolvedWinMD" in project "glfw.vcxproj".: (TargetId:17)
21:52:23.986     1>Target "_CheckWindowsSDKInstalled: (TargetId:18)" in file "C:\Program Files\Microsoft Visual Studio\2022\Community\MSBuild\Microsoft\VC\v170\Microsoft.Cpp.WindowsSDK.targets" from project "C:\Users\chris\TomatoEngine\glfw.vcxproj" (target "PrepareForBuild" depends on it):
21:52:23.986     1>Done building target "_CheckWindowsSDKInstalled" in project "glfw.vcxproj".: (TargetId:18)
21:52:23.986     1>Target "SetCABuildNativeEnvironmentVariables: (TargetId:19)" in file "C:\Program Files\Microsoft Visual Studio\2022\Community\MSBuild\Microsoft\VisualStudio\v17.0\CodeAnalysis\Microsoft.CodeAnalysis.targets" from project "C:\Users\chris\TomatoEngine\glfw.vcxproj" (target "PrepareForBuild" depends on it):
                   Task "SetEnv" (TaskId:17)
                   Done executing task "SetEnv". (TaskId:17)
21:52:23.987     1>Done building target "SetCABuildNativeEnvironmentVariables" in project "glfw.vcxproj".: (TargetId:19)
21:52:23.987     1>Target "PrepareForBuild: (TargetId:20)" in file "C:\Program Files\Microsoft Visual Studio\2022\Community\MSBuild\Microsoft\VC\v170\Microsoft.CppBuild.targets" from project "C:\Users\chris\TomatoEngine\glfw.vcxproj" (target "ResolveAssemblyReferences" depends on it):
                   Task "MakeDir" (TaskId:18)
                   Done executing task "MakeDir". (TaskId:18)
                   Task "CheckVCToolsetVersion" (TaskId:19)
                   Done executing task "CheckVCToolsetVersion". (TaskId:19)
                   Task "MakeDir" (TaskId:20)
                   Done executing task "MakeDir". (TaskId:20)
21:52:23.989     1>Done building target "PrepareForBuild" in project "glfw.vcxproj".: (TargetId:20)
21:52:23.989     1>Target "ResolveSDKReferences: (TargetId:21)" in file "C:\Program Files\Microsoft Visual Studio\2022\Community\MSBuild\Current\Bin\amd64\Microsoft.Common.CurrentVersion.targets" from project "C:\Users\chris\TomatoEngine\glfw.vcxproj" (target "ResolveAssemblyReferences" depends on it):
21:52:23.989     1>Done building target "ResolveSDKReferences" in project "glfw.vcxproj".: (TargetId:21)
21:52:23.989     1>Target "ExpandSDKReferences: (TargetId:22)" in file "C:\Program Files\Microsoft Visual Studio\2022\Community\MSBuild\Current\Bin\amd64\Microsoft.Common.CurrentVersion.targets" from project "C:\Users\chris\TomatoEngine\glfw.vcxproj" (target "ResolveAssemblyReferences" depends on it):
21:52:23.989     1>Done building target "ExpandSDKReferences" in project "glfw.vcxproj".: (TargetId:22)
21:52:23.989     1>Target "ResolveAssemblyReferences: (TargetId:23)" in file "C:\Program Files\Microsoft Visual Studio\2022\Community\MSBuild\Current\Bin\amd64\Microsoft.Common.CurrentVersion.targets" from project "C:\Users\chris\TomatoEngine\glfw.vcxproj" (target "ResolveReferences" depends on it):
21:52:23.989     1>Done building target "ResolveAssemblyReferences" in project "glfw.vcxproj".: (TargetId:23)
21:52:23.989     1>Target "AfterResolveReferences: (TargetId:24)" in file "C:\Program Files\Microsoft Visual Studio\2022\Community\MSBuild\Current\Bin\amd64\Microsoft.Common.CurrentVersion.targets" from project "C:\Users\chris\TomatoEngine\glfw.vcxproj" (target "ResolveReferences" depends on it):
21:52:23.989     1>Done building target "AfterResolveReferences" in project "glfw.vcxproj".: (TargetId:24)
21:52:23.989     1>Target "ResolveReferences: (TargetId:25)" in file "C:\Program Files\Microsoft Visual Studio\2022\Community\MSBuild\Current\Bin\amd64\Microsoft.Common.CurrentVersion.targets" from project "C:\Users\chris\TomatoEngine\glfw.vcxproj" (target "Build" depends on it):
21:52:23.989     1>Done building target "ResolveReferences" in project "glfw.vcxproj".: (TargetId:25)
21:52:23.989     1>Target "InitializeBuildStatus: (TargetId:26)" in file "C:\Program Files\Microsoft Visual Studio\2022\Community\MSBuild\Microsoft\VC\v170\Microsoft.CppBuild.targets" from project "C:\Users\chris\TomatoEngine\glfw.vcxproj" (target "Build" depends on it):
                   Task "ReadLinesFromFile" (TaskId:21)
                   Done executing task "ReadLinesFromFile". (TaskId:21)
                   Task "WriteLinesToFile" (TaskId:22)
                   Done executing task "WriteLinesToFile". (TaskId:22)
                   Task "Touch" (TaskId:23)
                   Done executing task "Touch". (TaskId:23)
21:52:23.994     1>Done building target "InitializeBuildStatus" in project "glfw.vcxproj".: (TargetId:26)
21:52:23.994     1>Target "BuildGenerateSourcesTraverse: (TargetId:27)" in file "C:\Program Files\Microsoft Visual Studio\2022\Community\MSBuild\Current\Bin\amd64\Microsoft.Common.CurrentVersion.targets" from project "C:\Users\chris\TomatoEngine\glfw.vcxproj" (target "BuildGenerateSources" depends on it):
21:52:23.994     1>Done building target "BuildGenerateSourcesTraverse" in project "glfw.vcxproj".: (TargetId:27)
21:52:23.994     1>Target "BeforeBuildGenerateSources: (TargetId:28)" in file "C:\Program Files\Microsoft Visual Studio\2022\Community\MSBuild\Microsoft\VC\v170\Microsoft.BuildSteps.Targets" from project "C:\Users\chris\TomatoEngine\glfw.vcxproj" (target "_BuildGenerateSourcesAction" depends on it):
21:52:23.994     1>Done building target "BeforeBuildGenerateSources" in project "glfw.vcxproj".: (TargetId:28)
21:52:23.994     1>Target "PreBuildEvent: (TargetId:29)" in file "C:\Program Files\Microsoft Visual Studio\2022\Community\MSBuild\Microsoft\VC\v170\Microsoft.CppCommon.targets" from project "C:\Users\chris\TomatoEngine\glfw.vcxproj" (target "_BuildGenerateSourcesAction" depends on it):
21:52:23.994     1>Done building target "PreBuildEvent" in project "glfw.vcxproj".: (TargetId:29)
21:52:23.994     1>Target "_SelectedFiles: (TargetId:30)" in file "C:\Program Files\Microsoft Visual Studio\2022\Community\MSBuild\Microsoft\VC\v170\Microsoft.CppBuild.targets" from project "C:\Users\chris\TomatoEngine\glfw.vcxproj" (target "SelectCustomBuild" depends on it):
21:52:23.994     1>Done building target "_SelectedFiles" in project "glfw.vcxproj".: (TargetId:30)
21:52:23.994     1>Target "SelectCustomBuild: (TargetId:31)" in file "C:\Program Files\Microsoft Visual Studio\2022\Community\MSBuild\Microsoft\VC\v170\Microsoft.CppBuild.targets" from project "C:\Users\chris\TomatoEngine\glfw.vcxproj" (target "CustomBuild" depends on it):
21:52:23.994     1>Done building target "SelectCustomBuild" in project "glfw.vcxproj".: (TargetId:31)
21:52:23.994     1>Target "ComputeCustomBuildOutput: (TargetId:32)" in file "C:\Program Files\Microsoft Visual Studio\2022\Community\MSBuild\Microsoft\VC\v170\Microsoft.CppBuild.targets" from project "C:\Users\chris\TomatoEngine\glfw.vcxproj" (target "CustomBuild" depends on it):
                   Task "MakeDir" (TaskId:24)
                   Done executing task "MakeDir". (TaskId:24)
21:52:23.994     1>Done building target "ComputeCustomBuildOutput" in project "glfw.vcxproj".: (TargetId:32)
21:52:23.994     1>Target "CustomBuild: (TargetId:33)" in file "C:\Program Files\Microsoft Visual Studio\2022\Community\MSBuild\Microsoft\VC\v170\Microsoft.CppCommon.targets" from project "C:\Users\chris\TomatoEngine\glfw.vcxproj" (target "_BuildGenerateSourcesAction" depends on it):
                   Task "GetOutOfDateItems" (TaskId:25)
                   Done executing task "GetOutOfDateItems". (TaskId:25)
                   Task "GetOutOfDateItems" (TaskId:26)
                   Done executing task "GetOutOfDateItems". (TaskId:26)
21:52:23.995     1>Done building target "CustomBuild" in project "glfw.vcxproj".: (TargetId:33)
21:52:23.995     1>Target "CopyFileToFolders: (TargetId:34)" in file "C:\Program Files\Microsoft Visual Studio\2022\Community\MSBuild\Microsoft\VC\v170\Microsoft.CppCommon.targets" from project "C:\Users\chris\TomatoEngine\glfw.vcxproj" (target "_BuildGenerateSourcesAction" depends on it):
                   Task "GetOutOfDateItems" (TaskId:27)
                   Done executing task "GetOutOfDateItems". (TaskId:27)
21:52:23.995     1>Done building target "CopyFileToFolders" in project "glfw.vcxproj".: (TargetId:34)
21:52:23.995     1>Target "_Xsd: (TargetId:35)" in file "C:\Program Files\Microsoft Visual Studio\2022\Community\MSBuild\Microsoft\VC\v170\Microsoft.CppBuild.targets" from project "C:\Users\chris\TomatoEngine\glfw.vcxproj" (target "_BuildGenerateSourcesAction" depends on it):
21:52:23.995     1>Done building target "_Xsd" in project "glfw.vcxproj".: (TargetId:35)
21:52:23.995     1>Target "MakeDirsForMidl: (TargetId:36)" in file "C:\Program Files\Microsoft Visual Studio\2022\Community\MSBuild\Microsoft\VC\v170\Microsoft.CppBuild.targets" from project "C:\Users\chris\TomatoEngine\glfw.vcxproj" (target "_Midl" depends on it):
                   Task "Makedir" (TaskId:28)
                   Done executing task "Makedir". (TaskId:28)
21:52:23.995     1>Done building target "MakeDirsForMidl" in project "glfw.vcxproj".: (TargetId:36)
21:52:23.995     1>Target "ComputeMIDLGeneratedCompileInputs: (TargetId:37)" in file "C:\Program Files\Microsoft Visual Studio\2022\Community\MSBuild\Microsoft\VC\v170\Microsoft.CppBuild.targets" from project "C:\Users\chris\TomatoEngine\glfw.vcxproj" (target "_Midl" depends on it):
21:52:23.995     1>Done building target "ComputeMIDLGeneratedCompileInputs" in project "glfw.vcxproj".: (TargetId:37)
21:52:23.995     1>Target "AfterMidl: (TargetId:38)" in file "C:\Program Files\Microsoft Visual Studio\2022\Community\MSBuild\Microsoft\VC\v170\Microsoft.CppBuild.targets" from project "C:\Users\chris\TomatoEngine\glfw.vcxproj" (target "_Midl" depends on it):
21:52:23.995     1>Done building target "AfterMidl" in project "glfw.vcxproj".: (TargetId:38)
21:52:23.995     1>Target "_Midl: (TargetId:39)" in file "C:\Program Files\Microsoft Visual Studio\2022\Community\MSBuild\Microsoft\VC\v170\Microsoft.CppBuild.targets" from project "C:\Users\chris\TomatoEngine\glfw.vcxproj" (target "_BuildGenerateSourcesAction" depends on it):
21:52:23.995     1>Done building target "_Midl" in project "glfw.vcxproj".: (TargetId:39)
21:52:23.995     1>Target "AfterBuildGenerateSources: (TargetId:40)" in file "C:\Program Files\Microsoft Visual Studio\2022\Community\MSBuild\Microsoft\VC\v170\Microsoft.BuildSteps.Targets" from project "C:\Users\chris\TomatoEngine\glfw.vcxproj" (target "_BuildGenerateSourcesAction" depends on it):
21:52:23.995     1>Done building target "AfterBuildGenerateSources" in project "glfw.vcxproj".: (TargetId:40)
21:52:23.995     1>Target "AfterBuildGenerateSourcesEvent: (TargetId:41)" in file "C:\Program Files\Microsoft Visual Studio\2022\Community\MSBuild\Microsoft\VC\v170\Microsoft.CppBuild.targets" from project "C:\Users\chris\TomatoEngine\glfw.vcxproj" (target "_BuildGenerateSourcesAction" depends on it):
21:52:23.995     1>Done building target "AfterBuildGenerateSourcesEvent" in project "glfw.vcxproj".: (TargetId:41)
21:52:23.995     1>Target "_BuildGenerateSourcesAction: (TargetId:42)" in file "C:\Program Files\Microsoft Visual Studio\2022\Community\MSBuild\Microsoft\VC\v170\Microsoft.CppBuild.targets" from project "C:\Users\chris\TomatoEngine\glfw.vcxproj" (target "BuildGenerateSources" depends on it):
21:52:23.995     1>Done building target "_BuildGenerateSourcesAction" in project "glfw.vcxproj".: (TargetId:42)
21:52:23.995     1>Target "BuildGenerateSources: (TargetId:43)" in file "C:\Program Files\Microsoft Visual Studio\2022\Community\MSBuild\Current\Bin\amd64\Microsoft.Common.CurrentVersion.targets" from project "C:\Users\chris\TomatoEngine\glfw.vcxproj" (target "Build" depends on it):
21:52:23.995     1>Done building target "BuildGenerateSources" in project "glfw.vcxproj".: (TargetId:43)
21:52:23.995     1>Target "BuildCompileTraverse: (TargetId:44)" in file "C:\Program Files\Microsoft Visual Studio\2022\Community\MSBuild\Current\Bin\amd64\Microsoft.Common.CurrentVersion.targets" from project "C:\Users\chris\TomatoEngine\glfw.vcxproj" (target "BuildCompile" depends on it):
21:52:23.995     1>Done building target "BuildCompileTraverse" in project "glfw.vcxproj".: (TargetId:44)
21:52:23.995     1>Target "BeforeClCompile: (TargetId:45)" in file "C:\Program Files\Microsoft Visual Studio\2022\Community\MSBuild\Microsoft\VC\v170\Microsoft.CppBuild.targets" from project "C:\Users\chris\TomatoEngine\glfw.vcxproj" (target "_ClCompile" depends on it):
21:52:23.995     1>Done building target "BeforeClCompile" in project "glfw.vcxproj".: (TargetId:45)
21:52:23.995     1>Target "ComputeCLInputPDBName: (TargetId:46)" in file "C:\Program Files\Microsoft Visual Studio\2022\Community\MSBuild\Microsoft\VC\v170\Microsoft.CppBuild.targets" from project "C:\Users\chris\TomatoEngine\glfw.vcxproj" (target "_ClCompile" depends on it):
21:52:23.995     1>Done building target "ComputeCLInputPDBName" in project "glfw.vcxproj".: (TargetId:46)
21:52:23.995     1>Target "FindReferenceAssembliesForReferences: (TargetId:47)" in file "C:\Program Files\Microsoft Visual Studio\2022\Community\MSBuild\Current\Bin\amd64\Microsoft.Common.CurrentVersion.targets" from project "C:\Users\chris\TomatoEngine\glfw.vcxproj" (target "ComputeReferenceCLInput" depends on it):
21:52:23.995     1>Done building target "FindReferenceAssembliesForReferences" in project "glfw.vcxproj".: (TargetId:47)
21:52:23.995     1>Target "GetReferencedVCProjectsInfo: (TargetId:48)" in file "C:\Program Files\Microsoft Visual Studio\2022\Community\MSBuild\Microsoft\VC\v170\Microsoft.CppBuild.targets" from project "C:\Users\chris\TomatoEngine\glfw.vcxproj" (target "ComputeReferenceCLInput" depends on it):
21:52:23.995     1>Done building target "GetReferencedVCProjectsInfo" in project "glfw.vcxproj".: (TargetId:48)
21:52:23.995     1>Target "ComputeReferenceCLInput: (TargetId:49)" in file "C:\Program Files\Microsoft Visual Studio\2022\Community\MSBuild\Microsoft\VC\v170\Microsoft.CppBuild.targets" from project "C:\Users\chris\TomatoEngine\glfw.vcxproj" (target "_ClCompile" depends on it):
21:52:23.995     1>Done building target "ComputeReferenceCLInput" in project "glfw.vcxproj".: (TargetId:49)
21:52:23.995     1>Target "ComputeStdModulesCompileInputs: (TargetId:50)" in file "C:\Program Files\Microsoft Visual Studio\2022\Community\MSBuild\Microsoft\VC\v170\Microsoft.CppCommon.targets" from project "C:\Users\chris\TomatoEngine\glfw.vcxproj" (target "_ClCompile" depends on it):
21:52:23.995     1>Done building target "ComputeStdModulesCompileInputs" in project "glfw.vcxproj".: (TargetId:50)
21:52:23.995     1>Target "FixupCLCompileOptions: (TargetId:51)" in file "C:\Program Files\Microsoft Visual Studio\2022\Community\MSBuild\Microsoft\VC\v170\Microsoft.CppCommon.targets" from project "C:\Users\chris\TomatoEngine\glfw.vcxproj" (target "_ClCompile" depends on it):
21:52:23.998     1>Done building target "FixupCLCompileOptions" in project "glfw.vcxproj".: (TargetId:51)
21:52:23.998     1>Target "MakeDirsForCl: (TargetId:52)" in file "C:\Program Files\Microsoft Visual Studio\2022\Community\MSBuild\Microsoft\VC\v170\Microsoft.CppBuild.targets" from project "C:\Users\chris\TomatoEngine\glfw.vcxproj" (target "_ClCompile" depends on it):
                   Task "MakeDir" (TaskId:29)
                   Done executing task "MakeDir". (TaskId:29)
21:52:23.998     1>Done building target "MakeDirsForCl" in project "glfw.vcxproj".: (TargetId:52)
21:52:23.998     1>Target "SelectClCompile: (TargetId:53)" in file "C:\Program Files\Microsoft Visual Studio\2022\Community\MSBuild\Microsoft\VC\v170\Microsoft.CppBuild.targets" from project "C:\Users\chris\TomatoEngine\glfw.vcxproj" (target "ClCompile" depends on it):
21:52:23.998     1>Done building target "SelectClCompile" in project "glfw.vcxproj".: (TargetId:53)
21:52:23.998     1>Target "ClCompile: (TargetId:54)" in file "C:\Program Files\Microsoft Visual Studio\2022\Community\MSBuild\Microsoft\VC\v170\Microsoft.CppCommon.targets" from project "C:\Users\chris\TomatoEngine\glfw.vcxproj" (target "_ClCompile" depends on it):
                   Task "CL" (TaskId:30)
                     C:\Program Files\Microsoft Visual Studio\2022\Community\VC\Tools\MSVC\14.37.32822\bin\HostX64\x64\CL.exe /c /Ivendor\glfw\include /ZI /JMC /nologo /W3 /WX- /diagnostics:column /MP /Od /D DEBUG /D BX_CONFIG_DEBUG=1 /D _GLFW_WIN32 /D _CRT_SECURE_NO_WARNINGS /D _UNICODE /D UNICODE /Gm- /EHsc /RTC1 /MTd /GS /fp:precise /Zc:wchar_t /Zc:forScope /Zc:inline /Fo"obj\x64\Debug\\" /Fd"bin\x64\Debug\glfw.pdb" /external:W3 /Gd /TC /FC /errorReport:prompt vendor\glfw\src\context.c vendor\glfw\src\egl_context.c vendor\glfw\src\init.c vendor\glfw\src\input.c vendor\glfw\src\monitor.c vendor\glfw\src\null_init.c vendor\glfw\src\null_joystick.c vendor\glfw\src\null_monitor.c vendor\glfw\src\null_window.c vendor\glfw\src\osmesa_context.c vendor\glfw\src\platform.c vendor\glfw\src\vulkan.c vendor\glfw\src\wgl_context.c vendor\glfw\src\win32_init.c vendor\glfw\src\win32_joystick.c vendor\glfw\src\win32_module.c vendor\glfw\src\win32_monitor.c vendor\glfw\src\win32_thread.c vendor\glfw\src\win32_time.c vendor\glfw\src\win32_window.c vendor\glfw\src\window.c (TaskId:30)
                     context.c (TaskId:30)
                     egl_context.c (TaskId:30)
                     init.c (TaskId:30)
                     input.c (TaskId:30)
                     monitor.c (TaskId:30)
                     null_init.c (TaskId:30)
                     null_joystick.c (TaskId:30)
                     null_monitor.c (TaskId:30)
                     null_window.c (TaskId:30)
                     osmesa_context.c (TaskId:30)
                     platform.c (TaskId:30)
                     vulkan.c (TaskId:30)
                     wgl_context.c (TaskId:30)
                     win32_init.c (TaskId:30)
                     win32_joystick.c (TaskId:30)
                     win32_module.c (TaskId:30)
                     win32_monitor.c (TaskId:30)
                     win32_thread.c (TaskId:30)
                     win32_time.c (TaskId:30)
                     win32_window.c (TaskId:30)
                     window.c (TaskId:30)
                   Done executing task "CL". (TaskId:30)
21:52:26.405     1>Done building target "ClCompile" in project "glfw.vcxproj".: (TargetId:54)
21:52:26.405     1>Target "AfterClCompile: (TargetId:55)" in file "C:\Program Files\Microsoft Visual Studio\2022\Community\MSBuild\Microsoft\VC\v170\Microsoft.CppBuild.targets" from project "C:\Users\chris\TomatoEngine\glfw.vcxproj" (target "_ClCompile" depends on it):
21:52:26.405     1>Done building target "AfterClCompile" in project "glfw.vcxproj".: (TargetId:55)
21:52:26.405     1>Target "_ClCompile: (TargetId:56)" in file "C:\Program Files\Microsoft Visual Studio\2022\Community\MSBuild\Microsoft\VC\v170\Microsoft.CppBuild.targets" from project "C:\Users\chris\TomatoEngine\glfw.vcxproj" (target "_BuildCompileAction" depends on it):
21:52:26.405     1>Done building target "_ClCompile" in project "glfw.vcxproj".: (TargetId:56)
21:52:26.405     1>Target "BeforeResourceCompile: (TargetId:57)" in file "C:\Program Files\Microsoft Visual Studio\2022\Community\MSBuild\Microsoft\VC\v170\Microsoft.CppBuild.targets" from project "C:\Users\chris\TomatoEngine\glfw.vcxproj" (target "_ResourceCompile" depends on it):
21:52:26.405     1>Done building target "BeforeResourceCompile" in project "glfw.vcxproj".: (TargetId:57)
21:52:26.405     1>Target "MakeDirsForResourceCompile: (TargetId:58)" in file "C:\Program Files\Microsoft Visual Studio\2022\Community\MSBuild\Microsoft\VC\v170\Microsoft.CppBuild.targets" from project "C:\Users\chris\TomatoEngine\glfw.vcxproj" (target "_ResourceCompile" depends on it):
                   Task "MakeDir" (TaskId:31)
                   Done executing task "MakeDir". (TaskId:31)
21:52:26.405     1>Done building target "MakeDirsForResourceCompile" in project "glfw.vcxproj".: (TargetId:58)
21:52:26.405     1>Target "AfterResourceCompile: (TargetId:59)" in file "C:\Program Files\Microsoft Visual Studio\2022\Community\MSBuild\Microsoft\VC\v170\Microsoft.CppBuild.targets" from project "C:\Users\chris\TomatoEngine\glfw.vcxproj" (target "_ResourceCompile" depends on it):
21:52:26.405     1>Done building target "AfterResourceCompile" in project "glfw.vcxproj".: (TargetId:59)
21:52:26.405     1>Target "_ResourceCompile: (TargetId:60)" in file "C:\Program Files\Microsoft Visual Studio\2022\Community\MSBuild\Microsoft\VC\v170\Microsoft.CppBuild.targets" from project "C:\Users\chris\TomatoEngine\glfw.vcxproj" (target "_BuildCompileAction" depends on it):
21:52:26.405     1>Done building target "_ResourceCompile" in project "glfw.vcxproj".: (TargetId:60)
21:52:26.405     1>Target "BeforeLib: (TargetId:61)" in file "C:\Program Files\Microsoft Visual Studio\2022\Community\MSBuild\Microsoft\VC\v170\Microsoft.CppBuild.targets" from project "C:\Users\chris\TomatoEngine\glfw.vcxproj" (target "_Lib" depends on it):
21:52:26.405     1>Done building target "BeforeLib" in project "glfw.vcxproj".: (TargetId:61)
21:52:26.405     1>Target "ComputeLibAdditionalOptions: (TargetId:62)" in file "C:\Program Files\Microsoft Visual Studio\2022\Community\MSBuild\Microsoft\VC\v170\Microsoft.CppBuild.targets" from project "C:\Users\chris\TomatoEngine\glfw.vcxproj" (target "_Lib" depends on it):
21:52:26.405     1>Done building target "ComputeLibAdditionalOptions" in project "glfw.vcxproj".: (TargetId:62)
21:52:26.405     1>Target "ComputeRCOutputs: (TargetId:63)" in file "C:\Program Files\Microsoft Visual Studio\2022\Community\MSBuild\Microsoft\VC\v170\Microsoft.CppBuild.targets" from project "C:\Users\chris\TomatoEngine\glfw.vcxproj" (target "ComputeRCGeneratedLibInputs" depends on it):
21:52:26.405     1>Done building target "ComputeRCOutputs" in project "glfw.vcxproj".: (TargetId:63)
21:52:26.405     1>Target "ComputeRCGeneratedLibInputs: (TargetId:64)" in file "C:\Program Files\Microsoft Visual Studio\2022\Community\MSBuild\Microsoft\VC\v170\Microsoft.CppBuild.targets" from project "C:\Users\chris\TomatoEngine\glfw.vcxproj" (target "_Lib" depends on it):
21:52:26.405     1>Done building target "ComputeRCGeneratedLibInputs" in project "glfw.vcxproj".: (TargetId:64)
21:52:26.405     1>Target "ComputeCLOutputs: (TargetId:65)" in file "C:\Program Files\Microsoft Visual Studio\2022\Community\MSBuild\Microsoft\VC\v170\Microsoft.CppBuild.targets" from project "C:\Users\chris\TomatoEngine\glfw.vcxproj" (target "ComputeCLGeneratedLibInputs" depends on it):
21:52:26.406     1>Done building target "ComputeCLOutputs" in project "glfw.vcxproj".: (TargetId:65)
21:52:26.406     1>Target "ComputeCLGeneratedLibInputs: (TargetId:66)" in file "C:\Program Files\Microsoft Visual Studio\2022\Community\MSBuild\Microsoft\VC\v170\Microsoft.CppBuild.targets" from project "C:\Users\chris\TomatoEngine\glfw.vcxproj" (target "_Lib" depends on it):
21:52:26.406     1>Done building target "ComputeCLGeneratedLibInputs" in project "glfw.vcxproj".: (TargetId:66)
21:52:26.406     1>Target "ComputeLibInputsFromProject: (TargetId:67)" in file "C:\Program Files\Microsoft Visual Studio\2022\Community\MSBuild\Microsoft\VC\v170\Microsoft.CppBuild.targets" from project "C:\Users\chris\TomatoEngine\glfw.vcxproj" (target "_Lib" depends on it):
21:52:26.406     1>Done building target "ComputeLibInputsFromProject" in project "glfw.vcxproj".: (TargetId:67)
21:52:26.406     1>Target "MakeDirsForLib: (TargetId:68)" in file "C:\Program Files\Microsoft Visual Studio\2022\Community\MSBuild\Microsoft\VC\v170\Microsoft.CppBuild.targets" from project "C:\Users\chris\TomatoEngine\glfw.vcxproj" (target "_Lib" depends on it):
                   Task "MakeDir" (TaskId:32)
                   Done executing task "MakeDir". (TaskId:32)
21:52:26.407     1>Done building target "MakeDirsForLib" in project "glfw.vcxproj".: (TargetId:68)
21:52:26.407     1>Target "DoLibOutputFilesMatch: (TargetId:69)" in file "C:\Program Files\Microsoft Visual Studio\2022\Community\MSBuild\Microsoft\VC\v170\Microsoft.CppBuild.targets" from project "C:\Users\chris\TomatoEngine\glfw.vcxproj" (target "_Lib" depends on it):
21:52:26.407     1>Done building target "DoLibOutputFilesMatch" in project "glfw.vcxproj".: (TargetId:69)
21:52:26.407     1>Target "PreLinkEvent: (TargetId:70)" in file "C:\Program Files\Microsoft Visual Studio\2022\Community\MSBuild\Microsoft\VC\v170\Microsoft.CppCommon.targets" from project "C:\Users\chris\TomatoEngine\glfw.vcxproj" (target "_Lib" depends on it):
21:52:26.407     1>Done building target "PreLinkEvent" in project "glfw.vcxproj".: (TargetId:70)
21:52:26.407     1>Target "Lib: (TargetId:71)" in file "C:\Program Files\Microsoft Visual Studio\2022\Community\MSBuild\Microsoft\VC\v170\Microsoft.CppCommon.targets" from project "C:\Users\chris\TomatoEngine\glfw.vcxproj" (target "_Lib" depends on it):
                   Task "LIB" (TaskId:33)
                     C:\Program Files\Microsoft Visual Studio\2022\Community\VC\Tools\MSVC\14.37.32822\bin\HostX64\x64\Lib.exe /OUT:"bin\x64\Debug\glfw.lib" /NOLOGO /MACHINE:X64 obj\x64\Debug\context.obj
                     obj\x64\Debug\egl_context.obj
                     obj\x64\Debug\init.obj
                     obj\x64\Debug\input.obj
                     obj\x64\Debug\monitor.obj
                     obj\x64\Debug\null_init.obj
                     obj\x64\Debug\null_joystick.obj
                     obj\x64\Debug\null_monitor.obj
                     obj\x64\Debug\null_window.obj
                     obj\x64\Debug\osmesa_context.obj
                     obj\x64\Debug\platform.obj
                     obj\x64\Debug\vulkan.obj
                     obj\x64\Debug\wgl_context.obj
                     obj\x64\Debug\win32_init.obj
                     obj\x64\Debug\win32_joystick.obj
                     obj\x64\Debug\win32_module.obj
                     obj\x64\Debug\win32_monitor.obj
                     obj\x64\Debug\win32_thread.obj
                     obj\x64\Debug\win32_time.obj
                     obj\x64\Debug\win32_window.obj
                     obj\x64\Debug\window.obj (TaskId:33)
                   Done executing task "LIB". (TaskId:33)
                   Task "Message" (TaskId:34)
                     glfw.vcxproj -> C:\Users\chris\TomatoEngine\bin\x64\Debug\glfw.lib (TaskId:34)
                   Done executing task "Message". (TaskId:34)
21:52:26.645     1>Done building target "Lib" in project "glfw.vcxproj".: (TargetId:71)
21:52:26.645     1>Target "AfterLib: (TargetId:72)" in file "C:\Program Files\Microsoft Visual Studio\2022\Community\MSBuild\Microsoft\VC\v170\Microsoft.CppBuild.targets" from project "C:\Users\chris\TomatoEngine\glfw.vcxproj" (target "_Lib" depends on it):
21:52:26.645     1>Done building target "AfterLib" in project "glfw.vcxproj".: (TargetId:72)
21:52:26.645     1>Target "_Lib: (TargetId:73)" in file "C:\Program Files\Microsoft Visual Studio\2022\Community\MSBuild\Microsoft\VC\v170\Microsoft.CppBuild.targets" from project "C:\Users\chris\TomatoEngine\glfw.vcxproj" (target "_BuildCompileAction" depends on it):
21:52:26.645     1>Done building target "_Lib" in project "glfw.vcxproj".: (TargetId:73)
21:52:26.645     1>Target "AfterBuildCompileEvent: (TargetId:74)" in file "C:\Program Files\Microsoft Visual Studio\2022\Community\MSBuild\Microsoft\VC\v170\Microsoft.CppBuild.targets" from project "C:\Users\chris\TomatoEngine\glfw.vcxproj" (target "_BuildCompileAction" depends on it):
21:52:26.645     1>Done building target "AfterBuildCompileEvent" in project "glfw.vcxproj".: (TargetId:74)
21:52:26.645     1>Target "_BuildCompileAction: (TargetId:75)" in file "C:\Program Files\Microsoft Visual Studio\2022\Community\MSBuild\Microsoft\VC\v170\Microsoft.CppBuild.targets" from project "C:\Users\chris\TomatoEngine\glfw.vcxproj" (target "BuildCompile" depends on it):
21:52:26.645     1>Done building target "_BuildCompileAction" in project "glfw.vcxproj".: (TargetId:75)
21:52:26.645     1>Target "BuildCompile: (TargetId:76)" in file "C:\Program Files\Microsoft Visual Studio\2022\Community\MSBuild\Current\Bin\amd64\Microsoft.Common.CurrentVersion.targets" from project "C:\Users\chris\TomatoEngine\glfw.vcxproj" (target "Build" depends on it):
21:52:26.645     1>Done building target "BuildCompile" in project "glfw.vcxproj".: (TargetId:76)
21:52:26.645     1>Target "BuildLinkTraverse: (TargetId:77)" in file "C:\Program Files\Microsoft Visual Studio\2022\Community\MSBuild\Current\Bin\amd64\Microsoft.Common.CurrentVersion.targets" from project "C:\Users\chris\TomatoEngine\glfw.vcxproj" (target "BuildLink" depends on it):
21:52:26.645     1>Done building target "BuildLinkTraverse" in project "glfw.vcxproj".: (TargetId:77)
21:52:26.645     1>Target "ComputeLegacyManifestEmbedding: (TargetId:78)" in file "C:\Program Files\Microsoft Visual Studio\2022\Community\MSBuild\Microsoft\VC\v170\Microsoft.CppBuild.targets" from project "C:\Users\chris\TomatoEngine\glfw.vcxproj" (target "_BuildLinkAction" depends on it):
21:52:26.645     1>Done building target "ComputeLegacyManifestEmbedding" in project "glfw.vcxproj".: (TargetId:78)
21:52:26.645     1>Target "_ALink: (TargetId:79)" in file "C:\Program Files\Microsoft Visual Studio\2022\Community\MSBuild\Microsoft\VC\v170\Microsoft.CppBuild.targets" from project "C:\Users\chris\TomatoEngine\glfw.vcxproj" (target "_BuildLinkAction" depends on it):
21:52:26.645     1>Done building target "_ALink" in project "glfw.vcxproj".: (TargetId:79)
21:52:26.645     1>Target "_Manifest: (TargetId:80)" in file "C:\Program Files\Microsoft Visual Studio\2022\Community\MSBuild\Microsoft\VC\v170\Microsoft.CppBuild.targets" from project "C:\Users\chris\TomatoEngine\glfw.vcxproj" (target "_BuildLinkAction" depends on it):
21:52:26.645     1>Done building target "_Manifest" in project "glfw.vcxproj".: (TargetId:80)
21:52:26.645     1>Target "RegisterOutput: (TargetId:81)" in file "C:\Program Files\Microsoft Visual Studio\2022\Community\MSBuild\Microsoft\VC\v170\Microsoft.CppCommon.targets" from project "C:\Users\chris\TomatoEngine\glfw.vcxproj" (target "_BuildLinkAction" depends on it):
21:52:26.645     1>Done building target "RegisterOutput" in project "glfw.vcxproj".: (TargetId:81)
21:52:26.645     1>Target "ResolvedXDCMake: (TargetId:82)" in file "C:\Program Files\Microsoft Visual Studio\2022\Community\MSBuild\Microsoft\VC\v170\Microsoft.CppBuild.targets" from project "C:\Users\chris\TomatoEngine\glfw.vcxproj" (target "_XdcMake" depends on it):
21:52:26.645     1>Done building target "ResolvedXDCMake" in project "glfw.vcxproj".: (TargetId:82)
21:52:26.645     1>Target "ComputeCLCompileGeneratedXDCFiles: (TargetId:83)" in file "C:\Program Files\Microsoft Visual Studio\2022\Community\MSBuild\Microsoft\VC\v170\Microsoft.CppBuild.targets" from project "C:\Users\chris\TomatoEngine\glfw.vcxproj" (target "_XdcMake" depends on it):
21:52:26.646     1>Done building target "ComputeCLCompileGeneratedXDCFiles" in project "glfw.vcxproj".: (TargetId:83)
21:52:26.646     1>Target "MakeDirsForXdcMake: (TargetId:84)" in file "C:\Program Files\Microsoft Visual Studio\2022\Community\MSBuild\Microsoft\VC\v170\Microsoft.CppBuild.targets" from project "C:\Users\chris\TomatoEngine\glfw.vcxproj" (target "_XdcMake" depends on it):
                   Task "MakeDir" (TaskId:35)
                   Done executing task "MakeDir". (TaskId:35)
21:52:26.646     1>Done building target "MakeDirsForXdcMake" in project "glfw.vcxproj".: (TargetId:84)
21:52:26.646     1>Target "_XdcMake: (TargetId:85)" in file "C:\Program Files\Microsoft Visual Studio\2022\Community\MSBuild\Microsoft\VC\v170\Microsoft.CppBuild.targets" from project "C:\Users\chris\TomatoEngine\glfw.vcxproj" (target "_BuildLinkAction" depends on it):
21:52:26.646     1>Done building target "_XdcMake" in project "glfw.vcxproj".: (TargetId:85)
21:52:26.646     1>Target "ComputeCLCompileGeneratedSbrFiles: (TargetId:86)" in file "C:\Program Files\Microsoft Visual Studio\2022\Community\MSBuild\Microsoft\VC\v170\Microsoft.CppBuild.targets" from project "C:\Users\chris\TomatoEngine\glfw.vcxproj" (target "_BscMake" depends on it):
21:52:26.646     1>Done building target "ComputeCLCompileGeneratedSbrFiles" in project "glfw.vcxproj".: (TargetId:86)
21:52:26.646     1>Target "MakeDirsForBscMake: (TargetId:87)" in file "C:\Program Files\Microsoft Visual Studio\2022\Community\MSBuild\Microsoft\VC\v170\Microsoft.CppBuild.targets" from project "C:\Users\chris\TomatoEngine\glfw.vcxproj" (target "_BscMake" depends on it):
                   Task "MakeDir" (TaskId:36)
                   Done executing task "MakeDir". (TaskId:36)
21:52:26.646     1>Done building target "MakeDirsForBscMake" in project "glfw.vcxproj".: (TargetId:87)
21:52:26.646     1>Target "_BscMake: (TargetId:88)" in file "C:\Program Files\Microsoft Visual Studio\2022\Community\MSBuild\Microsoft\VC\v170\Microsoft.CppBuild.targets" from project "C:\Users\chris\TomatoEngine\glfw.vcxproj" (target "_BuildLinkAction" depends on it):
21:52:26.646     1>Done building target "_BscMake" in project "glfw.vcxproj".: (TargetId:88)
21:52:26.646     1>Target "BuiltProjectOutputGroup: (TargetId:89)" in file "C:\Program Files\Microsoft Visual Studio\2022\Community\MSBuild\Microsoft\VC\v170\Microsoft.CppBuild.targets" from project "C:\Users\chris\TomatoEngine\glfw.vcxproj" (target "CreateRecipeFile" depends on it):
21:52:26.647     1>Done building target "BuiltProjectOutputGroup" in project "glfw.vcxproj".: (TargetId:89)
21:52:26.647     1>Target "AssignTargetPaths: (TargetId:90)" in file "C:\Program Files\Microsoft Visual Studio\2022\Community\MSBuild\Current\Bin\amd64\Microsoft.Common.CurrentVersion.targets" from project "C:\Users\chris\TomatoEngine\glfw.vcxproj" (target "PrepareResourceNames" depends on it):
                   Task "AssignTargetPath" (TaskId:37)
                   Done executing task "AssignTargetPath". (TaskId:37)
                   Task "AssignTargetPath" (TaskId:38)
                   Done executing task "AssignTargetPath". (TaskId:38)
                   Task "AssignTargetPath" (TaskId:39)
                   Done executing task "AssignTargetPath". (TaskId:39)
                   Task "AssignTargetPath" (TaskId:40)
                   Done executing task "AssignTargetPath". (TaskId:40)
21:52:26.647     1>Done building target "AssignTargetPaths" in project "glfw.vcxproj".: (TargetId:90)
21:52:26.647     1>Target "SplitResourcesByCulture: (TargetId:91)" in file "C:\Program Files\Microsoft Visual Studio\2022\Community\MSBuild\Current\Bin\amd64\Microsoft.Common.CurrentVersion.targets" from project "C:\Users\chris\TomatoEngine\glfw.vcxproj" (target "PrepareResourceNames" depends on it):
                   Task "AssignCulture" (TaskId:41)
                   Done executing task "AssignCulture". (TaskId:41)
21:52:26.648     1>Done building target "SplitResourcesByCulture" in project "glfw.vcxproj".: (TargetId:91)
21:52:26.648     1>Target "CreateCustomManifestResourceNames: (TargetId:92)" in file "C:\Program Files\Microsoft Visual Studio\2022\Community\MSBuild\Current\Bin\amd64\Microsoft.Common.CurrentVersion.targets" from project "C:\Users\chris\TomatoEngine\glfw.vcxproj" (target "PrepareResourceNames" depends on it):
21:52:26.648     1>Done building target "CreateCustomManifestResourceNames" in project "glfw.vcxproj".: (TargetId:92)
21:52:26.648     1>Target "PrepareResourceNames: (TargetId:93)" in file "C:\Program Files\Microsoft Visual Studio\2022\Community\MSBuild\Current\Bin\amd64\Microsoft.Common.CurrentVersion.targets" from project "C:\Users\chris\TomatoEngine\glfw.vcxproj" (target "SatelliteDllsProjectOutputGroup" depends on it):
21:52:26.648     1>Done building target "PrepareResourceNames" in project "glfw.vcxproj".: (TargetId:93)
21:52:26.648     1>Target "SatelliteDllsProjectOutputGroup: (TargetId:94)" in file "C:\Program Files\Microsoft Visual Studio\2022\Community\MSBuild\Current\Bin\amd64\Microsoft.Common.CurrentVersion.targets" from project "C:\Users\chris\TomatoEngine\glfw.vcxproj" (target "CreateRecipeFile" depends on it):
21:52:26.648     1>Done building target "SatelliteDllsProjectOutputGroup" in project "glfw.vcxproj".: (TargetId:94)
21:52:26.648     1>Target "MakeDirsForFxc: (TargetId:95)" in file "C:\Program Files\Microsoft Visual Studio\2022\Community\MSBuild\Microsoft\VC\v170\Microsoft.CppBuild.targets" from project "C:\Users\chris\TomatoEngine\glfw.vcxproj" (target "ContentFilesProjectOutputGroup" depends on it):
                   Task "MakeDir" (TaskId:42)
                   Done executing task "MakeDir". (TaskId:42)
21:52:26.648     1>Done building target "MakeDirsForFxc" in project "glfw.vcxproj".: (TargetId:95)
21:52:26.648     1>Target "ContentFilesProjectOutputGroup: (TargetId:96)" in file "C:\Program Files\Microsoft Visual Studio\2022\Community\MSBuild\Microsoft\VC\v170\Microsoft.CppBuild.targets" from project "C:\Users\chris\TomatoEngine\glfw.vcxproj" (target "CreateRecipeFile" depends on it):
21:52:26.648     1>Done building target "ContentFilesProjectOutputGroup" in project "glfw.vcxproj".: (TargetId:96)
21:52:26.648     1>Target "CreateRecipeFile: (TargetId:97)" in file "C:\Program Files\Microsoft Visual Studio\2022\Community\MSBuild\Microsoft\VC\v170\Microsoft.CppBuild.targets" from project "C:\Users\chris\TomatoEngine\glfw.vcxproj" (target "_BuildLinkAction" depends on it):
                   Task "GenerateDesktopDeployRecipe" (TaskId:43)
                   Done executing task "GenerateDesktopDeployRecipe". (TaskId:43)
21:52:26.677     1>Done building target "CreateRecipeFile" in project "glfw.vcxproj".: (TargetId:97)
21:52:26.678     1>Target "_GenerateSatelliteAssemblyInputs: (TargetId:98)" in file "C:\Program Files\Microsoft Visual Studio\2022\Community\MSBuild\Current\Bin\amd64\Microsoft.Common.CurrentVersion.targets" from project "C:\Users\chris\TomatoEngine\glfw.vcxproj" (target "CreateSatelliteAssemblies" depends on it):
21:52:26.678     1>Done building target "_GenerateSatelliteAssemblyInputs" in project "glfw.vcxproj".: (TargetId:98)
21:52:26.678     1>Target "CreateSatelliteAssemblies: (TargetId:99)" in file "C:\Program Files\Microsoft Visual Studio\2022\Community\MSBuild\Current\Bin\amd64\Microsoft.Common.CurrentVersion.targets" from project "C:\Users\chris\TomatoEngine\glfw.vcxproj" (target "_BuildLinkAction" depends on it):
21:52:26.678     1>Done building target "CreateSatelliteAssemblies" in project "glfw.vcxproj".: (TargetId:99)
21:52:26.678     1>Target "_Appverifier: (TargetId:100)" in file "C:\Program Files\Microsoft Visual Studio\2022\Community\MSBuild\Microsoft\VC\v170\Microsoft.CppBuild.targets" from project "C:\Users\chris\TomatoEngine\glfw.vcxproj" (target "_BuildLinkAction" depends on it):
21:52:26.678     1>Done building target "_Appverifier" in project "glfw.vcxproj".: (TargetId:100)
21:52:26.678     1>Target "_Deploy: (TargetId:101)" in file "C:\Program Files\Microsoft Visual Studio\2022\Community\MSBuild\Microsoft\VC\v170\Microsoft.CppBuild.targets" from project "C:\Users\chris\TomatoEngine\glfw.vcxproj" (target "_BuildLinkAction" depends on it):
21:52:26.678     1>Done building target "_Deploy" in project "glfw.vcxproj".: (TargetId:101)
21:52:26.678     1>Target "_PopulateCommonStateForGetCopyToOutputDirectoryItems: (TargetId:102)" in file "C:\Program Files\Microsoft Visual Studio\2022\Community\MSBuild\Current\Bin\amd64\Microsoft.Common.CurrentVersion.targets" from project "C:\Users\chris\TomatoEngine\glfw.vcxproj" (target "GetCopyToOutputDirectoryItems" depends on it):
21:52:26.678     1>Done building target "_PopulateCommonStateForGetCopyToOutputDirectoryItems" in project "glfw.vcxproj".: (TargetId:102)
21:52:26.678     1>Target "GetCopyToOutputDirectoryXamlAppDefs: (TargetId:103)" in file "C:\WINDOWS\Microsoft.NET\Framework\v4.0.30319\Microsoft.Xaml.targets" from project "C:\Users\chris\TomatoEngine\glfw.vcxproj" (target "GetCopyToOutputDirectoryItems" depends on it):
                   Task "AssignTargetPath" (TaskId:44)
                   Done executing task "AssignTargetPath". (TaskId:44)
21:52:26.678     1>Done building target "GetCopyToOutputDirectoryXamlAppDefs" in project "glfw.vcxproj".: (TargetId:103)
21:52:26.678     1>Target "GetCopyToOutputDirectoryItems: (TargetId:104)" in file "C:\Program Files\Microsoft Visual Studio\2022\Community\MSBuild\Current\Bin\amd64\Microsoft.Common.CurrentVersion.targets" from project "C:\Users\chris\TomatoEngine\glfw.vcxproj" (target "_CopySourceItemsToOutputDirectory" depends on it):
                   Task "CallTarget" (TaskId:45)
21:52:26.679     1>Target "_GetCopyToOutputDirectoryItemsFromTransitiveProjectReferences: (TargetId:105)" in file "C:\Program Files\Microsoft Visual Studio\2022\Community\MSBuild\Current\Bin\amd64\Microsoft.Common.CurrentVersion.targets" from project "C:\Users\chris\TomatoEngine\glfw.vcxproj" (target "GetCopyToOutputDirectoryItems" depends on it):
                   Task "AssignTargetPath" (TaskId:46)
                   Done executing task "AssignTargetPath". (TaskId:46)
21:52:26.679     1>Done building target "_GetCopyToOutputDirectoryItemsFromTransitiveProjectReferences" in project "glfw.vcxproj".: (TargetId:105)
                   Done executing task "CallTarget". (TaskId:45)
                   Task "CallTarget" (TaskId:47)
21:52:26.679     1>Target "_GetCopyToOutputDirectoryItemsFromThisProject: (TargetId:106)" in file "C:\Program Files\Microsoft Visual Studio\2022\Community\MSBuild\Current\Bin\amd64\Microsoft.Common.CurrentVersion.targets" from project "C:\Users\chris\TomatoEngine\glfw.vcxproj" (target "GetCopyToOutputDirectoryItems" depends on it):
                   Task "AssignTargetPath" (TaskId:48)
                   Done executing task "AssignTargetPath". (TaskId:48)
21:52:26.679     1>Done building target "_GetCopyToOutputDirectoryItemsFromThisProject" in project "glfw.vcxproj".: (TargetId:106)
                   Done executing task "CallTarget". (TaskId:47)
21:52:26.679     1>Done building target "GetCopyToOutputDirectoryItems" in project "glfw.vcxproj".: (TargetId:104)
21:52:26.679     1>Target "_CopySourceItemsToOutputDirectory: (TargetId:107)" in file "C:\Program Files\Microsoft Visual Studio\2022\Community\MSBuild\Current\Bin\amd64\Microsoft.Common.CurrentVersion.targets" from project "C:\Users\chris\TomatoEngine\glfw.vcxproj" (target "CopyFilesToOutputDirectory" depends on it):
21:52:26.679     1>Done building target "_CopySourceItemsToOutputDirectory" in project "glfw.vcxproj".: (TargetId:107)
21:52:26.679     1>Target "_CheckForCompileOutputs: (TargetId:108)" in file "C:\Program Files\Microsoft Visual Studio\2022\Community\MSBuild\Current\Bin\amd64\Microsoft.Common.CurrentVersion.targets" from project "C:\Users\chris\TomatoEngine\glfw.vcxproj" (target "CopyFilesToOutputDirectory" depends on it):
21:52:26.679     1>Done building target "_CheckForCompileOutputs" in project "glfw.vcxproj".: (TargetId:108)
21:52:26.679     1>Target "CopyFilesToOutputDirectory: (TargetId:109)" in file "C:\Program Files\Microsoft Visual Studio\2022\Community\MSBuild\Current\Bin\amd64\Microsoft.Common.CurrentVersion.targets" from project "C:\Users\chris\TomatoEngine\glfw.vcxproj" (target "PrepareForRun" depends on it):
21:52:26.680     1>Done building target "CopyFilesToOutputDirectory" in project "glfw.vcxproj".: (TargetId:109)
21:52:26.680     1>Target "PrepareForRun: (TargetId:110)" in file "C:\Program Files\Microsoft Visual Studio\2022\Community\MSBuild\Current\Bin\amd64\Microsoft.Common.CurrentVersion.targets" from project "C:\Users\chris\TomatoEngine\glfw.vcxproj" (target "_BuildLinkAction" depends on it):
21:52:26.680     1>Done building target "PrepareForRun" in project "glfw.vcxproj".: (TargetId:110)
21:52:26.680     1>Target "PostBuildEvent: (TargetId:111)" in file "C:\Program Files\Microsoft Visual Studio\2022\Community\MSBuild\Microsoft\VC\v170\Microsoft.CppCommon.targets" from project "C:\Users\chris\TomatoEngine\glfw.vcxproj" (target "_BuildLinkAction" depends on it):
21:52:26.680     1>Done building target "PostBuildEvent" in project "glfw.vcxproj".: (TargetId:111)
21:52:26.680     1>Target "_BuildLinkAction: (TargetId:112)" in file "C:\Program Files\Microsoft Visual Studio\2022\Community\MSBuild\Microsoft\VC\v170\Microsoft.CppBuild.targets" from project "C:\Users\chris\TomatoEngine\glfw.vcxproj" (target "BuildLink" depends on it):
21:52:26.680     1>Done building target "_BuildLinkAction" in project "glfw.vcxproj".: (TargetId:112)
21:52:26.680     1>Target "BuildLink: (TargetId:113)" in file "C:\Program Files\Microsoft Visual Studio\2022\Community\MSBuild\Current\Bin\amd64\Microsoft.Common.CurrentVersion.targets" from project "C:\Users\chris\TomatoEngine\glfw.vcxproj" (target "Build" depends on it):
21:52:26.680     1>Done building target "BuildLink" in project "glfw.vcxproj".: (TargetId:113)
21:52:26.680     1>Target "AfterBuild: (TargetId:114)" in file "C:\Program Files\Microsoft Visual Studio\2022\Community\MSBuild\Microsoft\VC\v170\Microsoft.BuildSteps.Targets" from project "C:\Users\chris\TomatoEngine\glfw.vcxproj" (target "Build" depends on it):
21:52:26.680     1>Done building target "AfterBuild" in project "glfw.vcxproj".: (TargetId:114)
21:52:26.680     1>Target "_CleanGetCurrentAndPriorFileWrites: (TargetId:115)" in file "C:\Program Files\Microsoft Visual Studio\2022\Community\MSBuild\Current\Bin\amd64\Microsoft.Common.CurrentVersion.targets" from project "C:\Users\chris\TomatoEngine\glfw.vcxproj" (target "IncrementalClean" depends on it):
                   Task "ReadLinesFromFile" (TaskId:49)
                   Done executing task "ReadLinesFromFile". (TaskId:49)
                   Task "ConvertToAbsolutePath" (TaskId:50)
                   Done executing task "ConvertToAbsolutePath". (TaskId:50)
                   Task "FindUnderPath" (TaskId:51)
                   Done executing task "FindUnderPath". (TaskId:51)
                   Task "FindUnderPath" (TaskId:52)
                   Done executing task "FindUnderPath". (TaskId:52)
                   Task "FindUnderPath" (TaskId:53)
                   Done executing task "FindUnderPath". (TaskId:53)
                   Task "RemoveDuplicates" (TaskId:54)
                   Done executing task "RemoveDuplicates". (TaskId:54)
21:52:26.681     1>Done building target "_CleanGetCurrentAndPriorFileWrites" in project "glfw.vcxproj".: (TargetId:115)
21:52:26.681     1>Target "IncrementalClean: (TargetId:116)" in file "C:\Program Files\Microsoft Visual Studio\2022\Community\MSBuild\Current\Bin\amd64\Microsoft.Common.CurrentVersion.targets" from project "C:\Users\chris\TomatoEngine\glfw.vcxproj" (target "Build" depends on it):
                   Task "FindUnderPath" (TaskId:55)
                   Done executing task "FindUnderPath". (TaskId:55)
                   Task "FindUnderPath" (TaskId:56)
                   Done executing task "FindUnderPath". (TaskId:56)
                   Task "Delete" (TaskId:57)
                   Done executing task "Delete". (TaskId:57)
                   Task "RemoveDuplicates" (TaskId:58)
                   Done executing task "RemoveDuplicates". (TaskId:58)
21:52:26.682     1>Done building target "IncrementalClean" in project "glfw.vcxproj".: (TargetId:116)
21:52:26.682     1>Target "TlogCleanup: (TargetId:117)" in file "C:\Program Files\Microsoft Visual Studio\2022\Community\MSBuild\Microsoft\VC\v170\Microsoft.CppBuild.targets" from project "C:\Users\chris\TomatoEngine\glfw.vcxproj" (target "Build" depends on it):
                   Task "CleanupStaleTlogItems" (TaskId:59)
                   Done executing task "CleanupStaleTlogItems". (TaskId:59)
21:52:26.690     1>Done building target "TlogCleanup" in project "glfw.vcxproj".: (TargetId:117)
21:52:26.690     1>Target "FinalizeBuildStatus: (TargetId:118)" in file "C:\Program Files\Microsoft Visual Studio\2022\Community\MSBuild\Microsoft\VC\v170\Microsoft.CppBuild.targets" from project "C:\Users\chris\TomatoEngine\glfw.vcxproj" (target "Build" depends on it):
                   Task "Delete" (TaskId:60)
                   Done executing task "Delete". (TaskId:60)
                   Task "Touch" (TaskId:61)
                   Done executing task "Touch". (TaskId:61)
21:52:26.693     1>Done building target "FinalizeBuildStatus" in project "glfw.vcxproj".: (TargetId:118)
21:52:26.693     1>Target "Build: (TargetId:119)" in file "C:\Program Files\Microsoft Visual Studio\2022\Community\MSBuild\Microsoft\VC\v170\Microsoft.BuildSteps.Targets" from project "C:\Users\chris\TomatoEngine\glfw.vcxproj" (entry point):
21:52:26.693     1>Done building target "Build" in project "glfw.vcxproj".: (TargetId:119)
21:52:26.693     1>Done Building Project "C:\Users\chris\TomatoEngine\glfw.vcxproj" (Build target(s)).

Project Performance Summary:
     2715 ms  C:\Users\chris\TomatoEngine\glfw.vcxproj   1 calls
               2715 ms  Build                                      1 calls

Target Performance Summary:
        0 ms  _ResourceCompile                           1 calls
        0 ms  RegisterOutput                             1 calls
        0 ms  _Manifest                                  1 calls
        0 ms  _ALink                                     1 calls
        0 ms  ComputeLegacyManifestEmbedding             1 calls
        0 ms  BuildCompile                               1 calls
        0 ms  _BuildCompileAction                        1 calls
        0 ms  AfterBuildCompileEvent                     1 calls
        0 ms  _Lib                                       1 calls
        0 ms  AfterLib                                   1 calls
        0 ms  ResolvedXDCMake                            1 calls
        0 ms  DoLibOutputFilesMatch                      1 calls
        0 ms  ComputeCLGeneratedLibInputs                1 calls
        0 ms  ComputeRCGeneratedLibInputs                1 calls
        0 ms  ComputeRCOutputs                           1 calls
        0 ms  ComputeLibAdditionalOptions                1 calls
        0 ms  BeforeLib                                  1 calls
        0 ms  AfterResourceCompile                       1 calls
        0 ms  BeforeResourceCompile                      1 calls
        0 ms  _ClCompile                                 1 calls
        0 ms  AfterClCompile                             1 calls
        0 ms  ComputeLibInputsFromProject                1 calls
        0 ms  MakeDirsForXdcMake                         1 calls
        0 ms  _XdcMake                                   1 calls
        0 ms  ComputeCLCompileGeneratedSbrFiles          1 calls
        0 ms  AfterBuild                                 1 calls
        0 ms  BuildLink                                  1 calls
        0 ms  _BuildLinkAction                           1 calls
        0 ms  PostBuildEvent                             1 calls
        0 ms  PrepareForRun                              1 calls
        0 ms  _CheckForCompileOutputs                    1 calls
        0 ms  _CopySourceItemsToOutputDirectory          1 calls
        0 ms  _GetCopyToOutputDirectoryItemsFromThisProject   1 calls
        0 ms  _GetCopyToOutputDirectoryItemsFromTransitiveProjectReferences   1 calls
        0 ms  _PopulateCommonStateForGetCopyToOutputDirectoryItems   1 calls
        0 ms  _Deploy                                    1 calls
        0 ms  _Appverifier                               1 calls
        0 ms  CreateSatelliteAssemblies                  1 calls
        0 ms  _GenerateSatelliteAssemblyInputs           1 calls
        0 ms  MakeDirsForFxc                             1 calls
        0 ms  SatelliteDllsProjectOutputGroup            1 calls
        0 ms  PrepareResourceNames                       1 calls
        0 ms  CreateCustomManifestResourceNames          1 calls
        0 ms  AssignTargetPaths                          1 calls
        0 ms  _BscMake                                   1 calls
        0 ms  MakeDirsForBscMake                         1 calls
        0 ms  SelectClCompile                            1 calls
        0 ms  ComputeStdModulesCompileInputs             1 calls
        0 ms  Build                                      1 calls
        0 ms  ResolveReferences                          1 calls
        0 ms  SelectCustomBuild                          1 calls
        0 ms  _SelectedFiles                             1 calls
        0 ms  PreBuildEvent                              1 calls
        0 ms  BuildGenerateSourcesTraverse               1 calls
        0 ms  _PrepareForBuild                           1 calls
        0 ms  ComputeReferenceCLInput                    1 calls
        0 ms  AfterResolveReferences                     1 calls
        0 ms  ResolveAssemblyReferences                  1 calls
        0 ms  ExpandSDKReferences                        1 calls
        0 ms  ResolveSDKReferences                       1 calls
        0 ms  _CheckWindowsSDKInstalled                  1 calls
        0 ms  GetResolvedWinMD                           1 calls
        0 ms  _PrepareForReferenceResolution             1 calls
        0 ms  SetBuildDefaultEnvironmentVariables        1 calls
        0 ms  GetReferenceAssemblyPaths                  1 calls
        0 ms  GetFrameworkPaths                          1 calls
        0 ms  PrepareProjectReferences                   1 calls
        0 ms  _AddOutputPathToGlobalPropertiesToRemove   1 calls
        0 ms  _SplitProjectReferencesByFileExistence     1 calls
        0 ms  ComputeCustomBuildOutput                   1 calls
        0 ms  CopyFileToFolders                          1 calls
        0 ms  BeforeBuildGenerateSources                 1 calls
        0 ms  MakeDirsForMidl                            1 calls
        0 ms  GetReferencedVCProjectsInfo                1 calls
        0 ms  FindReferenceAssembliesForReferences       1 calls
        0 ms  BeforeClCompile                            1 calls
        0 ms  BuildCompileTraverse                       1 calls
        0 ms  _Xsd                                       1 calls
        0 ms  BuildGenerateSources                       1 calls
        0 ms  _BuildGenerateSourcesAction                1 calls
        0 ms  AfterBuildGenerateSourcesEvent             1 calls
        0 ms  AfterBuildGenerateSources                  1 calls
        0 ms  BeforeResolveReferences                    1 calls
        0 ms  AfterMidl                                  1 calls
        0 ms  ComputeMIDLGeneratedCompileInputs          1 calls
        0 ms  _Midl                                      1 calls
        0 ms  ComputeCLInputPDBName                      1 calls
        1 ms  ResolveProjectReferences                   1 calls
        1 ms  IncrementalClean                           1 calls
        1 ms  ContentFilesProjectOutputGroup             1 calls
        1 ms  AddExternalIncludDirectoriesToPaths        1 calls
        1 ms  PreLinkEvent                               1 calls
        1 ms  AssignProjectConfiguration                 1 calls
        1 ms  MakeDirsForResourceCompile                 1 calls
        1 ms  MakeDirsForCl                              1 calls
        1 ms  BuiltProjectOutputGroup                    1 calls
        1 ms  SetTelemetryEnvironmentVariables           1 calls
        1 ms  BuildLinkTraverse                          1 calls
        1 ms  GetCopyToOutputDirectoryXamlAppDefs        1 calls
        1 ms  GetCopyToOutputDirectoryItems              1 calls
        1 ms  ComputeCLOutputs                           1 calls
        1 ms  MakeDirsForLib                             1 calls
        1 ms  CustomBuild                                1 calls
        1 ms  ComputeCLCompileGeneratedXDCFiles          1 calls
        1 ms  SplitResourcesByCulture                    1 calls
        1 ms  CopyFilesToOutputDirectory                 1 calls
        1 ms  SetCABuildNativeEnvironmentVariables       1 calls
        2 ms  _CleanGetCurrentAndPriorFileWrites         1 calls
        2 ms  PrepareForBuild                            1 calls
        3 ms  _GetProjectReferenceTargetFrameworkProperties   1 calls
        3 ms  FixupCLCompileOptions                      1 calls
        3 ms  _CheckForInvalidConfigurationAndPlatform   1 calls
        3 ms  FinalizeBuildStatus                        1 calls
        5 ms  InitializeBuildStatus                      1 calls
        8 ms  TlogCleanup                                1 calls
       29 ms  CreateRecipeFile                           1 calls
      238 ms  Lib                                        1 calls
     2406 ms  ClCompile                                  1 calls

Task Performance Summary:
        0 ms  Message                                    3 calls
        0 ms  RemoveDuplicates                           2 calls
        0 ms  AssignProjectConfiguration                 1 calls
        0 ms  MSBuild                                    1 calls
        0 ms  FindUnderPath                              5 calls
        0 ms  ConvertToAbsolutePath                      1 calls
        0 ms  AssignCulture                              1 calls
        1 ms  Delete                                     2 calls
        1 ms  CheckVCToolsetVersion                      1 calls
        1 ms  AssignTargetPath                           7 calls
        1 ms  CallTarget                                 2 calls
        1 ms  ReadLinesFromFile                          2 calls
        1 ms  GetOutOfDateItems                          3 calls
        1 ms  SetRidAgnosticValueForProjects             1 calls
        1 ms  WriteLinesToFile                           1 calls
        2 ms  SetEnv                                    11 calls
        2 ms  MakeDir                                   10 calls
        5 ms  Touch                                      2 calls
        8 ms  CleanupStaleTlogItems                      1 calls
       29 ms  GenerateDesktopDeployRecipe                1 calls
      238 ms  LIB                                        1 calls
     2400 ms  CL                                         1 calls

Build succeeded.
    0 Warning(s)
    0 Error(s)

Time Elapsed 00:00:02.71
