Build started 11/22/2024 8:58:29 PM.
Logging verbosity is set to: Diagnostic.20:58:29.657     1>Project "C:\Users\chris\TomatoEngine\bx.vcxproj" on node 2 (Build target(s)).
20:58:29.657     1>Target "_CheckForInvalidConfigurationAndPlatform: (TargetId:2)" in file "C:\Program Files\Microsoft Visual Studio\2022\Community\MSBuild\Current\Bin\amd64\Microsoft.Common.CurrentVersion.targets" from project "C:\Users\chris\TomatoEngine\bx.vcxproj" (target "SetTelemetryEnvironmentVariables" depends on it):
20:58:29.658     1>Task "Message" (TaskId:2)
                   Done executing task "Message". (TaskId:2)
                   Task "Message" (TaskId:3)
                   Done executing task "Message". (TaskId:3)
20:58:29.658     1>Done building target "_CheckForInvalidConfigurationAndPlatform" in project "bx.vcxproj".: (TargetId:2)
20:58:29.658     1>Target "SetTelemetryEnvironmentVariables: (TargetId:3)" in file "C:\Program Files\Microsoft Visual Studio\2022\Community\MSBuild\Microsoft\VC\v170\Microsoft.Cpp.DesignTime.targets" from project "C:\Users\chris\TomatoEngine\bx.vcxproj" (target "Build" depends on it):
                   Task "SetEnv" (TaskId:4)
                   Done executing task "SetEnv". (TaskId:4)
                   Task "SetEnv" (TaskId:5)
                   Done executing task "SetEnv". (TaskId:5)
                   Task "SetEnv" (TaskId:6)
                   Done executing task "SetEnv". (TaskId:6)
                   Task "SetEnv" (TaskId:7)
                   Done executing task "SetEnv". (TaskId:7)
                   Task "SetEnv" (TaskId:8)
                   Done executing task "SetEnv". (TaskId:8)
20:58:29.659     1>Done building target "SetTelemetryEnvironmentVariables" in project "bx.vcxproj".: (TargetId:3)
20:58:29.659     1>Target "_PrepareForBuild: (TargetId:4)" in file "C:\Program Files\Microsoft Visual Studio\2022\Community\MSBuild\Microsoft\VC\v170\Microsoft.BuildSteps.Targets" from project "C:\Users\chris\TomatoEngine\bx.vcxproj" (target "Build" depends on it):
20:58:29.659     1>Done building target "_PrepareForBuild" in project "bx.vcxproj".: (TargetId:4)
20:58:29.659     1>Target "_PrepareForReferenceResolution: (TargetId:5)" in file "C:\Program Files\Microsoft Visual Studio\2022\Community\MSBuild\Microsoft\VC\v170\Microsoft.CppBuild.targets" from project "C:\Users\chris\TomatoEngine\bx.vcxproj" (target "ResolveReferences" depends on it):
20:58:29.659     1>Done building target "_PrepareForReferenceResolution" in project "bx.vcxproj".: (TargetId:5)
20:58:29.659     1>Target "BeforeResolveReferences: (TargetId:6)" in file "C:\Program Files\Microsoft Visual Studio\2022\Community\MSBuild\Current\Bin\amd64\Microsoft.Common.CurrentVersion.targets" from project "C:\Users\chris\TomatoEngine\bx.vcxproj" (target "ResolveReferences" depends on it):
20:58:29.659     1>Done building target "BeforeResolveReferences" in project "bx.vcxproj".: (TargetId:6)
20:58:29.659     1>Target "AssignProjectConfiguration: (TargetId:7)" in file "C:\Program Files\Microsoft Visual Studio\2022\Community\MSBuild\Current\Bin\amd64\Microsoft.Common.CurrentVersion.targets" from project "C:\Users\chris\TomatoEngine\bx.vcxproj" (target "ResolveReferences" depends on it):
                   Task "AssignProjectConfiguration" (TaskId:9)
                   Done executing task "AssignProjectConfiguration". (TaskId:9)
20:58:29.659     1>Done building target "AssignProjectConfiguration" in project "bx.vcxproj".: (TargetId:7)
20:58:29.659     1>Target "_SplitProjectReferencesByFileExistence: (TargetId:8)" in file "C:\Program Files\Microsoft Visual Studio\2022\Community\MSBuild\Current\Bin\amd64\Microsoft.Common.CurrentVersion.targets" from project "C:\Users\chris\TomatoEngine\bx.vcxproj" (target "PrepareProjectReferences" depends on it):
20:58:29.659     1>Done building target "_SplitProjectReferencesByFileExistence" in project "bx.vcxproj".: (TargetId:8)
20:58:29.659     1>Target "_AddOutputPathToGlobalPropertiesToRemove: (TargetId:9)" in file "C:\Program Files\Microsoft Visual Studio\2022\Community\MSBuild\Current\Bin\amd64\Microsoft.Common.CurrentVersion.targets" from project "C:\Users\chris\TomatoEngine\bx.vcxproj" (target "_GetProjectReferenceTargetFrameworkProperties" depends on it):
20:58:29.659     1>Done building target "_AddOutputPathToGlobalPropertiesToRemove" in project "bx.vcxproj".: (TargetId:9)
20:58:29.659     1>Target "_GetProjectReferenceTargetFrameworkProperties: (TargetId:10)" in file "C:\Program Files\Microsoft Visual Studio\2022\Community\MSBuild\Current\Bin\amd64\Microsoft.Common.CurrentVersion.targets" from project "C:\Users\chris\TomatoEngine\bx.vcxproj" (target "PrepareProjectReferences" depends on it):
                   Task "MSBuild" (TaskId:10)
                   Done executing task "MSBuild". (TaskId:10)
                   Task "SetRidAgnosticValueForProjects" (TaskId:11)
                   Done executing task "SetRidAgnosticValueForProjects". (TaskId:11)
20:58:29.660     1>Done building target "_GetProjectReferenceTargetFrameworkProperties" in project "bx.vcxproj".: (TargetId:10)
20:58:29.660     1>Target "PrepareProjectReferences: (TargetId:11)" in file "C:\Program Files\Microsoft Visual Studio\2022\Community\MSBuild\Current\Bin\amd64\Microsoft.Common.CurrentVersion.targets" from project "C:\Users\chris\TomatoEngine\bx.vcxproj" (target "ResolveProjectReferences" depends on it):
20:58:29.660     1>Done building target "PrepareProjectReferences" in project "bx.vcxproj".: (TargetId:11)
20:58:29.660     1>Target "ResolveProjectReferences: (TargetId:12)" in file "C:\Program Files\Microsoft Visual Studio\2022\Community\MSBuild\Current\Bin\amd64\Microsoft.Common.CurrentVersion.targets" from project "C:\Users\chris\TomatoEngine\bx.vcxproj" (target "ResolveReferences" depends on it):
20:58:29.660     1>Done building target "ResolveProjectReferences" in project "bx.vcxproj".: (TargetId:12)
20:58:29.660     1>Target "GetFrameworkPaths: (TargetId:13)" in file "C:\Program Files\Microsoft Visual Studio\2022\Community\MSBuild\Current\Bin\amd64\Microsoft.Common.CurrentVersion.targets" from project "C:\Users\chris\TomatoEngine\bx.vcxproj" (target "ResolveAssemblyReferences" depends on it):
20:58:29.660     1>Done building target "GetFrameworkPaths" in project "bx.vcxproj".: (TargetId:13)
20:58:29.660     1>Target "GetReferenceAssemblyPaths: (TargetId:14)" in file "C:\Program Files\Microsoft Visual Studio\2022\Community\MSBuild\Current\Bin\amd64\Microsoft.Common.CurrentVersion.targets" from project "C:\Users\chris\TomatoEngine\bx.vcxproj" (target "ResolveAssemblyReferences" depends on it):
20:58:29.661     1>Done building target "GetReferenceAssemblyPaths" in project "bx.vcxproj".: (TargetId:14)
20:58:29.661     1>Target "AddExternalIncludDirectoriesToPaths: (TargetId:15)" in file "C:\Program Files\Microsoft Visual Studio\2022\Community\MSBuild\Microsoft\VC\v170\Microsoft.Cpp.Current.targets" from project "C:\Users\chris\TomatoEngine\bx.vcxproj" (target "SetBuildDefaultEnvironmentVariables" depends on it):
20:58:29.661     1>Done building target "AddExternalIncludDirectoriesToPaths" in project "bx.vcxproj".: (TargetId:15)
20:58:29.661     1>Target "SetBuildDefaultEnvironmentVariables: (TargetId:16)" in file "C:\Program Files\Microsoft Visual Studio\2022\Community\MSBuild\Microsoft\VC\v170\Microsoft.Cpp.Current.targets" from project "C:\Users\chris\TomatoEngine\bx.vcxproj" (target "PrepareForBuild" depends on it):
                   Task "SetEnv" (TaskId:12)
                   Done executing task "SetEnv". (TaskId:12)
                   Task "SetEnv" (TaskId:13)
                   Done executing task "SetEnv". (TaskId:13)
                   Task "SetEnv" (TaskId:14)
                   Done executing task "SetEnv". (TaskId:14)
                   Task "SetEnv" (TaskId:15)
                   Done executing task "SetEnv". (TaskId:15)
                   Task "SetEnv" (TaskId:16)
                   Done executing task "SetEnv". (TaskId:16)
20:58:29.661     1>Done building target "SetBuildDefaultEnvironmentVariables" in project "bx.vcxproj".: (TargetId:16)
20:58:29.661     1>Target "GetResolvedWinMD: (TargetId:17)" in file "C:\Program Files\Microsoft Visual Studio\2022\Community\MSBuild\Microsoft\VC\v170\Microsoft.CppBuild.targets" from project "C:\Users\chris\TomatoEngine\bx.vcxproj" (target "PrepareForBuild" depends on it):
20:58:29.661     1>Done building target "GetResolvedWinMD" in project "bx.vcxproj".: (TargetId:17)
20:58:29.661     1>Target "_CheckWindowsSDKInstalled: (TargetId:18)" in file "C:\Program Files\Microsoft Visual Studio\2022\Community\MSBuild\Microsoft\VC\v170\Microsoft.Cpp.WindowsSDK.targets" from project "C:\Users\chris\TomatoEngine\bx.vcxproj" (target "PrepareForBuild" depends on it):
20:58:29.661     1>Done building target "_CheckWindowsSDKInstalled" in project "bx.vcxproj".: (TargetId:18)
20:58:29.661     1>Target "SetCABuildNativeEnvironmentVariables: (TargetId:19)" in file "C:\Program Files\Microsoft Visual Studio\2022\Community\MSBuild\Microsoft\VisualStudio\v17.0\CodeAnalysis\Microsoft.CodeAnalysis.targets" from project "C:\Users\chris\TomatoEngine\bx.vcxproj" (target "PrepareForBuild" depends on it):
                   Task "SetEnv" (TaskId:17)
                   Done executing task "SetEnv". (TaskId:17)
20:58:29.662     1>Done building target "SetCABuildNativeEnvironmentVariables" in project "bx.vcxproj".: (TargetId:19)
20:58:29.662     1>Target "PrepareForBuild: (TargetId:20)" in file "C:\Program Files\Microsoft Visual Studio\2022\Community\MSBuild\Microsoft\VC\v170\Microsoft.CppBuild.targets" from project "C:\Users\chris\TomatoEngine\bx.vcxproj" (target "ResolveAssemblyReferences" depends on it):
                   Task "MakeDir" (TaskId:18)
                   Done executing task "MakeDir". (TaskId:18)
                   Task "CheckVCToolsetVersion" (TaskId:19)
                   Done executing task "CheckVCToolsetVersion". (TaskId:19)
                   Task "MakeDir" (TaskId:20)
                   Done executing task "MakeDir". (TaskId:20)
20:58:29.664     1>Done building target "PrepareForBuild" in project "bx.vcxproj".: (TargetId:20)
20:58:29.664     1>Target "ResolveSDKReferences: (TargetId:21)" in file "C:\Program Files\Microsoft Visual Studio\2022\Community\MSBuild\Current\Bin\amd64\Microsoft.Common.CurrentVersion.targets" from project "C:\Users\chris\TomatoEngine\bx.vcxproj" (target "ResolveAssemblyReferences" depends on it):
20:58:29.664     1>Done building target "ResolveSDKReferences" in project "bx.vcxproj".: (TargetId:21)
20:58:29.664     1>Target "ExpandSDKReferences: (TargetId:22)" in file "C:\Program Files\Microsoft Visual Studio\2022\Community\MSBuild\Current\Bin\amd64\Microsoft.Common.CurrentVersion.targets" from project "C:\Users\chris\TomatoEngine\bx.vcxproj" (target "ResolveAssemblyReferences" depends on it):
20:58:29.664     1>Done building target "ExpandSDKReferences" in project "bx.vcxproj".: (TargetId:22)
20:58:29.664     1>Target "ResolveAssemblyReferences: (TargetId:23)" in file "C:\Program Files\Microsoft Visual Studio\2022\Community\MSBuild\Current\Bin\amd64\Microsoft.Common.CurrentVersion.targets" from project "C:\Users\chris\TomatoEngine\bx.vcxproj" (target "ResolveReferences" depends on it):
20:58:29.664     1>Done building target "ResolveAssemblyReferences" in project "bx.vcxproj".: (TargetId:23)
20:58:29.664     1>Target "AfterResolveReferences: (TargetId:24)" in file "C:\Program Files\Microsoft Visual Studio\2022\Community\MSBuild\Current\Bin\amd64\Microsoft.Common.CurrentVersion.targets" from project "C:\Users\chris\TomatoEngine\bx.vcxproj" (target "ResolveReferences" depends on it):
20:58:29.664     1>Done building target "AfterResolveReferences" in project "bx.vcxproj".: (TargetId:24)
20:58:29.664     1>Target "ResolveReferences: (TargetId:25)" in file "C:\Program Files\Microsoft Visual Studio\2022\Community\MSBuild\Current\Bin\amd64\Microsoft.Common.CurrentVersion.targets" from project "C:\Users\chris\TomatoEngine\bx.vcxproj" (target "Build" depends on it):
20:58:29.664     1>Done building target "ResolveReferences" in project "bx.vcxproj".: (TargetId:25)
20:58:29.664     1>Target "InitializeBuildStatus: (TargetId:26)" in file "C:\Program Files\Microsoft Visual Studio\2022\Community\MSBuild\Microsoft\VC\v170\Microsoft.CppBuild.targets" from project "C:\Users\chris\TomatoEngine\bx.vcxproj" (target "Build" depends on it):
                   Task "ReadLinesFromFile" (TaskId:21)
                   Done executing task "ReadLinesFromFile". (TaskId:21)
                   Task "WriteLinesToFile" (TaskId:22)
                   Done executing task "WriteLinesToFile". (TaskId:22)
                   Task "Touch" (TaskId:23)
                   Done executing task "Touch". (TaskId:23)
20:58:29.670     1>Done building target "InitializeBuildStatus" in project "bx.vcxproj".: (TargetId:26)
20:58:29.670     1>Target "BuildGenerateSourcesTraverse: (TargetId:27)" in file "C:\Program Files\Microsoft Visual Studio\2022\Community\MSBuild\Current\Bin\amd64\Microsoft.Common.CurrentVersion.targets" from project "C:\Users\chris\TomatoEngine\bx.vcxproj" (target "BuildGenerateSources" depends on it):
20:58:29.670     1>Done building target "BuildGenerateSourcesTraverse" in project "bx.vcxproj".: (TargetId:27)
20:58:29.670     1>Target "BeforeBuildGenerateSources: (TargetId:28)" in file "C:\Program Files\Microsoft Visual Studio\2022\Community\MSBuild\Microsoft\VC\v170\Microsoft.BuildSteps.Targets" from project "C:\Users\chris\TomatoEngine\bx.vcxproj" (target "_BuildGenerateSourcesAction" depends on it):
20:58:29.670     1>Done building target "BeforeBuildGenerateSources" in project "bx.vcxproj".: (TargetId:28)
20:58:29.670     1>Target "PreBuildEvent: (TargetId:29)" in file "C:\Program Files\Microsoft Visual Studio\2022\Community\MSBuild\Microsoft\VC\v170\Microsoft.CppCommon.targets" from project "C:\Users\chris\TomatoEngine\bx.vcxproj" (target "_BuildGenerateSourcesAction" depends on it):
20:58:29.670     1>Done building target "PreBuildEvent" in project "bx.vcxproj".: (TargetId:29)
20:58:29.670     1>Target "_SelectedFiles: (TargetId:30)" in file "C:\Program Files\Microsoft Visual Studio\2022\Community\MSBuild\Microsoft\VC\v170\Microsoft.CppBuild.targets" from project "C:\Users\chris\TomatoEngine\bx.vcxproj" (target "SelectCustomBuild" depends on it):
20:58:29.670     1>Done building target "_SelectedFiles" in project "bx.vcxproj".: (TargetId:30)
20:58:29.670     1>Target "SelectCustomBuild: (TargetId:31)" in file "C:\Program Files\Microsoft Visual Studio\2022\Community\MSBuild\Microsoft\VC\v170\Microsoft.CppBuild.targets" from project "C:\Users\chris\TomatoEngine\bx.vcxproj" (target "CustomBuild" depends on it):
20:58:29.670     1>Done building target "SelectCustomBuild" in project "bx.vcxproj".: (TargetId:31)
20:58:29.670     1>Target "ComputeCustomBuildOutput: (TargetId:32)" in file "C:\Program Files\Microsoft Visual Studio\2022\Community\MSBuild\Microsoft\VC\v170\Microsoft.CppBuild.targets" from project "C:\Users\chris\TomatoEngine\bx.vcxproj" (target "CustomBuild" depends on it):
                   Task "MakeDir" (TaskId:24)
                   Done executing task "MakeDir". (TaskId:24)
20:58:29.670     1>Done building target "ComputeCustomBuildOutput" in project "bx.vcxproj".: (TargetId:32)
20:58:29.670     1>Target "CustomBuild: (TargetId:33)" in file "C:\Program Files\Microsoft Visual Studio\2022\Community\MSBuild\Microsoft\VC\v170\Microsoft.CppCommon.targets" from project "C:\Users\chris\TomatoEngine\bx.vcxproj" (target "_BuildGenerateSourcesAction" depends on it):
                   Task "GetOutOfDateItems" (TaskId:25)
                   Done executing task "GetOutOfDateItems". (TaskId:25)
                   Task "GetOutOfDateItems" (TaskId:26)
                   Done executing task "GetOutOfDateItems". (TaskId:26)
20:58:29.679     1>Done building target "CustomBuild" in project "bx.vcxproj".: (TargetId:33)
20:58:29.680     1>Target "CopyFileToFolders: (TargetId:34)" in file "C:\Program Files\Microsoft Visual Studio\2022\Community\MSBuild\Microsoft\VC\v170\Microsoft.CppCommon.targets" from project "C:\Users\chris\TomatoEngine\bx.vcxproj" (target "_BuildGenerateSourcesAction" depends on it):
                   Task "GetOutOfDateItems" (TaskId:27)
                   Done executing task "GetOutOfDateItems". (TaskId:27)
20:58:29.680     1>Done building target "CopyFileToFolders" in project "bx.vcxproj".: (TargetId:34)
20:58:29.680     1>Target "_Xsd: (TargetId:35)" in file "C:\Program Files\Microsoft Visual Studio\2022\Community\MSBuild\Microsoft\VC\v170\Microsoft.CppBuild.targets" from project "C:\Users\chris\TomatoEngine\bx.vcxproj" (target "_BuildGenerateSourcesAction" depends on it):
20:58:29.680     1>Done building target "_Xsd" in project "bx.vcxproj".: (TargetId:35)
20:58:29.680     1>Target "MakeDirsForMidl: (TargetId:36)" in file "C:\Program Files\Microsoft Visual Studio\2022\Community\MSBuild\Microsoft\VC\v170\Microsoft.CppBuild.targets" from project "C:\Users\chris\TomatoEngine\bx.vcxproj" (target "_Midl" depends on it):
                   Task "Makedir" (TaskId:28)
                   Done executing task "Makedir". (TaskId:28)
20:58:29.680     1>Done building target "MakeDirsForMidl" in project "bx.vcxproj".: (TargetId:36)
20:58:29.680     1>Target "ComputeMIDLGeneratedCompileInputs: (TargetId:37)" in file "C:\Program Files\Microsoft Visual Studio\2022\Community\MSBuild\Microsoft\VC\v170\Microsoft.CppBuild.targets" from project "C:\Users\chris\TomatoEngine\bx.vcxproj" (target "_Midl" depends on it):
20:58:29.680     1>Done building target "ComputeMIDLGeneratedCompileInputs" in project "bx.vcxproj".: (TargetId:37)
20:58:29.680     1>Target "AfterMidl: (TargetId:38)" in file "C:\Program Files\Microsoft Visual Studio\2022\Community\MSBuild\Microsoft\VC\v170\Microsoft.CppBuild.targets" from project "C:\Users\chris\TomatoEngine\bx.vcxproj" (target "_Midl" depends on it):
20:58:29.680     1>Done building target "AfterMidl" in project "bx.vcxproj".: (TargetId:38)
20:58:29.680     1>Target "_Midl: (TargetId:39)" in file "C:\Program Files\Microsoft Visual Studio\2022\Community\MSBuild\Microsoft\VC\v170\Microsoft.CppBuild.targets" from project "C:\Users\chris\TomatoEngine\bx.vcxproj" (target "_BuildGenerateSourcesAction" depends on it):
20:58:29.680     1>Done building target "_Midl" in project "bx.vcxproj".: (TargetId:39)
20:58:29.680     1>Target "AfterBuildGenerateSources: (TargetId:40)" in file "C:\Program Files\Microsoft Visual Studio\2022\Community\MSBuild\Microsoft\VC\v170\Microsoft.BuildSteps.Targets" from project "C:\Users\chris\TomatoEngine\bx.vcxproj" (target "_BuildGenerateSourcesAction" depends on it):
20:58:29.680     1>Done building target "AfterBuildGenerateSources" in project "bx.vcxproj".: (TargetId:40)
20:58:29.680     1>Target "AfterBuildGenerateSourcesEvent: (TargetId:41)" in file "C:\Program Files\Microsoft Visual Studio\2022\Community\MSBuild\Microsoft\VC\v170\Microsoft.CppBuild.targets" from project "C:\Users\chris\TomatoEngine\bx.vcxproj" (target "_BuildGenerateSourcesAction" depends on it):
20:58:29.680     1>Done building target "AfterBuildGenerateSourcesEvent" in project "bx.vcxproj".: (TargetId:41)
20:58:29.680     1>Target "_BuildGenerateSourcesAction: (TargetId:42)" in file "C:\Program Files\Microsoft Visual Studio\2022\Community\MSBuild\Microsoft\VC\v170\Microsoft.CppBuild.targets" from project "C:\Users\chris\TomatoEngine\bx.vcxproj" (target "BuildGenerateSources" depends on it):
20:58:29.680     1>Done building target "_BuildGenerateSourcesAction" in project "bx.vcxproj".: (TargetId:42)
20:58:29.680     1>Target "BuildGenerateSources: (TargetId:43)" in file "C:\Program Files\Microsoft Visual Studio\2022\Community\MSBuild\Current\Bin\amd64\Microsoft.Common.CurrentVersion.targets" from project "C:\Users\chris\TomatoEngine\bx.vcxproj" (target "Build" depends on it):
20:58:29.680     1>Done building target "BuildGenerateSources" in project "bx.vcxproj".: (TargetId:43)
20:58:29.680     1>Target "BuildCompileTraverse: (TargetId:44)" in file "C:\Program Files\Microsoft Visual Studio\2022\Community\MSBuild\Current\Bin\amd64\Microsoft.Common.CurrentVersion.targets" from project "C:\Users\chris\TomatoEngine\bx.vcxproj" (target "BuildCompile" depends on it):
20:58:29.680     1>Done building target "BuildCompileTraverse" in project "bx.vcxproj".: (TargetId:44)
20:58:29.680     1>Target "BeforeClCompile: (TargetId:45)" in file "C:\Program Files\Microsoft Visual Studio\2022\Community\MSBuild\Microsoft\VC\v170\Microsoft.CppBuild.targets" from project "C:\Users\chris\TomatoEngine\bx.vcxproj" (target "_ClCompile" depends on it):
20:58:29.680     1>Done building target "BeforeClCompile" in project "bx.vcxproj".: (TargetId:45)
20:58:29.680     1>Target "ComputeCLInputPDBName: (TargetId:46)" in file "C:\Program Files\Microsoft Visual Studio\2022\Community\MSBuild\Microsoft\VC\v170\Microsoft.CppBuild.targets" from project "C:\Users\chris\TomatoEngine\bx.vcxproj" (target "_ClCompile" depends on it):
20:58:29.680     1>Done building target "ComputeCLInputPDBName" in project "bx.vcxproj".: (TargetId:46)
20:58:29.680     1>Target "FindReferenceAssembliesForReferences: (TargetId:47)" in file "C:\Program Files\Microsoft Visual Studio\2022\Community\MSBuild\Current\Bin\amd64\Microsoft.Common.CurrentVersion.targets" from project "C:\Users\chris\TomatoEngine\bx.vcxproj" (target "ComputeReferenceCLInput" depends on it):
20:58:29.680     1>Done building target "FindReferenceAssembliesForReferences" in project "bx.vcxproj".: (TargetId:47)
20:58:29.680     1>Target "GetReferencedVCProjectsInfo: (TargetId:48)" in file "C:\Program Files\Microsoft Visual Studio\2022\Community\MSBuild\Microsoft\VC\v170\Microsoft.CppBuild.targets" from project "C:\Users\chris\TomatoEngine\bx.vcxproj" (target "ComputeReferenceCLInput" depends on it):
20:58:29.680     1>Done building target "GetReferencedVCProjectsInfo" in project "bx.vcxproj".: (TargetId:48)
20:58:29.680     1>Target "ComputeReferenceCLInput: (TargetId:49)" in file "C:\Program Files\Microsoft Visual Studio\2022\Community\MSBuild\Microsoft\VC\v170\Microsoft.CppBuild.targets" from project "C:\Users\chris\TomatoEngine\bx.vcxproj" (target "_ClCompile" depends on it):
20:58:29.680     1>Done building target "ComputeReferenceCLInput" in project "bx.vcxproj".: (TargetId:49)
20:58:29.680     1>Target "ComputeStdModulesCompileInputs: (TargetId:50)" in file "C:\Program Files\Microsoft Visual Studio\2022\Community\MSBuild\Microsoft\VC\v170\Microsoft.CppCommon.targets" from project "C:\Users\chris\TomatoEngine\bx.vcxproj" (target "_ClCompile" depends on it):
20:58:29.681     1>Done building target "ComputeStdModulesCompileInputs" in project "bx.vcxproj".: (TargetId:50)
20:58:29.681     1>Target "FixupCLCompileOptions: (TargetId:51)" in file "C:\Program Files\Microsoft Visual Studio\2022\Community\MSBuild\Microsoft\VC\v170\Microsoft.CppCommon.targets" from project "C:\Users\chris\TomatoEngine\bx.vcxproj" (target "_ClCompile" depends on it):
20:58:29.687     1>Done building target "FixupCLCompileOptions" in project "bx.vcxproj".: (TargetId:51)
20:58:29.687     1>Target "MakeDirsForCl: (TargetId:52)" in file "C:\Program Files\Microsoft Visual Studio\2022\Community\MSBuild\Microsoft\VC\v170\Microsoft.CppBuild.targets" from project "C:\Users\chris\TomatoEngine\bx.vcxproj" (target "_ClCompile" depends on it):
                   Task "MakeDir" (TaskId:29)
                   Done executing task "MakeDir". (TaskId:29)
20:58:29.688     1>Done building target "MakeDirsForCl" in project "bx.vcxproj".: (TargetId:52)
20:58:29.688     1>Target "SelectClCompile: (TargetId:53)" in file "C:\Program Files\Microsoft Visual Studio\2022\Community\MSBuild\Microsoft\VC\v170\Microsoft.CppBuild.targets" from project "C:\Users\chris\TomatoEngine\bx.vcxproj" (target "ClCompile" depends on it):
20:58:29.688     1>Done building target "SelectClCompile" in project "bx.vcxproj".: (TargetId:53)
20:58:29.688     1>Target "ClCompile: (TargetId:54)" in file "C:\Program Files\Microsoft Visual Studio\2022\Community\MSBuild\Microsoft\VC\v170\Microsoft.CppCommon.targets" from project "C:\Users\chris\TomatoEngine\bx.vcxproj" (target "_ClCompile" depends on it):
                   Task "CL" (TaskId:30)
                   Done executing task "CL". (TaskId:30)
20:58:29.785     1>Done building target "ClCompile" in project "bx.vcxproj".: (TargetId:54)
20:58:29.785     1>Target "AfterClCompile: (TargetId:55)" in file "C:\Program Files\Microsoft Visual Studio\2022\Community\MSBuild\Microsoft\VC\v170\Microsoft.CppBuild.targets" from project "C:\Users\chris\TomatoEngine\bx.vcxproj" (target "_ClCompile" depends on it):
20:58:29.785     1>Done building target "AfterClCompile" in project "bx.vcxproj".: (TargetId:55)
20:58:29.785     1>Target "_ClCompile: (TargetId:56)" in file "C:\Program Files\Microsoft Visual Studio\2022\Community\MSBuild\Microsoft\VC\v170\Microsoft.CppBuild.targets" from project "C:\Users\chris\TomatoEngine\bx.vcxproj" (target "_BuildCompileAction" depends on it):
20:58:29.785     1>Done building target "_ClCompile" in project "bx.vcxproj".: (TargetId:56)
20:58:29.785     1>Target "BeforeResourceCompile: (TargetId:57)" in file "C:\Program Files\Microsoft Visual Studio\2022\Community\MSBuild\Microsoft\VC\v170\Microsoft.CppBuild.targets" from project "C:\Users\chris\TomatoEngine\bx.vcxproj" (target "_ResourceCompile" depends on it):
20:58:29.785     1>Done building target "BeforeResourceCompile" in project "bx.vcxproj".: (TargetId:57)
20:58:29.785     1>Target "MakeDirsForResourceCompile: (TargetId:58)" in file "C:\Program Files\Microsoft Visual Studio\2022\Community\MSBuild\Microsoft\VC\v170\Microsoft.CppBuild.targets" from project "C:\Users\chris\TomatoEngine\bx.vcxproj" (target "_ResourceCompile" depends on it):
                   Task "MakeDir" (TaskId:31)
                   Done executing task "MakeDir". (TaskId:31)
20:58:29.785     1>Done building target "MakeDirsForResourceCompile" in project "bx.vcxproj".: (TargetId:58)
20:58:29.785     1>Target "AfterResourceCompile: (TargetId:59)" in file "C:\Program Files\Microsoft Visual Studio\2022\Community\MSBuild\Microsoft\VC\v170\Microsoft.CppBuild.targets" from project "C:\Users\chris\TomatoEngine\bx.vcxproj" (target "_ResourceCompile" depends on it):
20:58:29.785     1>Done building target "AfterResourceCompile" in project "bx.vcxproj".: (TargetId:59)
20:58:29.785     1>Target "_ResourceCompile: (TargetId:60)" in file "C:\Program Files\Microsoft Visual Studio\2022\Community\MSBuild\Microsoft\VC\v170\Microsoft.CppBuild.targets" from project "C:\Users\chris\TomatoEngine\bx.vcxproj" (target "_BuildCompileAction" depends on it):
20:58:29.785     1>Done building target "_ResourceCompile" in project "bx.vcxproj".: (TargetId:60)
20:58:29.785     1>Target "BeforeLib: (TargetId:61)" in file "C:\Program Files\Microsoft Visual Studio\2022\Community\MSBuild\Microsoft\VC\v170\Microsoft.CppBuild.targets" from project "C:\Users\chris\TomatoEngine\bx.vcxproj" (target "_Lib" depends on it):
20:58:29.785     1>Done building target "BeforeLib" in project "bx.vcxproj".: (TargetId:61)
20:58:29.785     1>Target "ComputeLibAdditionalOptions: (TargetId:62)" in file "C:\Program Files\Microsoft Visual Studio\2022\Community\MSBuild\Microsoft\VC\v170\Microsoft.CppBuild.targets" from project "C:\Users\chris\TomatoEngine\bx.vcxproj" (target "_Lib" depends on it):
20:58:29.785     1>Done building target "ComputeLibAdditionalOptions" in project "bx.vcxproj".: (TargetId:62)
20:58:29.785     1>Target "ComputeRCOutputs: (TargetId:63)" in file "C:\Program Files\Microsoft Visual Studio\2022\Community\MSBuild\Microsoft\VC\v170\Microsoft.CppBuild.targets" from project "C:\Users\chris\TomatoEngine\bx.vcxproj" (target "ComputeRCGeneratedLibInputs" depends on it):
20:58:29.785     1>Done building target "ComputeRCOutputs" in project "bx.vcxproj".: (TargetId:63)
20:58:29.785     1>Target "ComputeRCGeneratedLibInputs: (TargetId:64)" in file "C:\Program Files\Microsoft Visual Studio\2022\Community\MSBuild\Microsoft\VC\v170\Microsoft.CppBuild.targets" from project "C:\Users\chris\TomatoEngine\bx.vcxproj" (target "_Lib" depends on it):
20:58:29.785     1>Done building target "ComputeRCGeneratedLibInputs" in project "bx.vcxproj".: (TargetId:64)
20:58:29.785     1>Target "ComputeCLOutputs: (TargetId:65)" in file "C:\Program Files\Microsoft Visual Studio\2022\Community\MSBuild\Microsoft\VC\v170\Microsoft.CppBuild.targets" from project "C:\Users\chris\TomatoEngine\bx.vcxproj" (target "ComputeCLGeneratedLibInputs" depends on it):
20:58:29.785     1>Done building target "ComputeCLOutputs" in project "bx.vcxproj".: (TargetId:65)
20:58:29.785     1>Target "ComputeCLGeneratedLibInputs: (TargetId:66)" in file "C:\Program Files\Microsoft Visual Studio\2022\Community\MSBuild\Microsoft\VC\v170\Microsoft.CppBuild.targets" from project "C:\Users\chris\TomatoEngine\bx.vcxproj" (target "_Lib" depends on it):
20:58:29.786     1>Done building target "ComputeCLGeneratedLibInputs" in project "bx.vcxproj".: (TargetId:66)
20:58:29.786     1>Target "ComputeLibInputsFromProject: (TargetId:67)" in file "C:\Program Files\Microsoft Visual Studio\2022\Community\MSBuild\Microsoft\VC\v170\Microsoft.CppBuild.targets" from project "C:\Users\chris\TomatoEngine\bx.vcxproj" (target "_Lib" depends on it):
20:58:29.786     1>Done building target "ComputeLibInputsFromProject" in project "bx.vcxproj".: (TargetId:67)
20:58:29.786     1>Target "MakeDirsForLib: (TargetId:68)" in file "C:\Program Files\Microsoft Visual Studio\2022\Community\MSBuild\Microsoft\VC\v170\Microsoft.CppBuild.targets" from project "C:\Users\chris\TomatoEngine\bx.vcxproj" (target "_Lib" depends on it):
                   Task "MakeDir" (TaskId:32)
                   Done executing task "MakeDir". (TaskId:32)
20:58:29.786     1>Done building target "MakeDirsForLib" in project "bx.vcxproj".: (TargetId:68)
20:58:29.786     1>Target "DoLibOutputFilesMatch: (TargetId:69)" in file "C:\Program Files\Microsoft Visual Studio\2022\Community\MSBuild\Microsoft\VC\v170\Microsoft.CppBuild.targets" from project "C:\Users\chris\TomatoEngine\bx.vcxproj" (target "_Lib" depends on it):
20:58:29.786     1>Done building target "DoLibOutputFilesMatch" in project "bx.vcxproj".: (TargetId:69)
20:58:29.786     1>Target "PreLinkEvent: (TargetId:70)" in file "C:\Program Files\Microsoft Visual Studio\2022\Community\MSBuild\Microsoft\VC\v170\Microsoft.CppCommon.targets" from project "C:\Users\chris\TomatoEngine\bx.vcxproj" (target "_Lib" depends on it):
20:58:29.786     1>Done building target "PreLinkEvent" in project "bx.vcxproj".: (TargetId:70)
20:58:29.786     1>Target "Lib: (TargetId:71)" in file "C:\Program Files\Microsoft Visual Studio\2022\Community\MSBuild\Microsoft\VC\v170\Microsoft.CppCommon.targets" from project "C:\Users\chris\TomatoEngine\bx.vcxproj" (target "_Lib" depends on it):
                   Task "LIB" (TaskId:33)
                   Done executing task "LIB". (TaskId:33)
                   Task "Message" (TaskId:34)
                     bx.vcxproj -> C:\Users\chris\TomatoEngine\bin\x64\Debug\bx.lib (TaskId:34)
                   Done executing task "Message". (TaskId:34)
20:58:29.805     1>Done building target "Lib" in project "bx.vcxproj".: (TargetId:71)
20:58:29.805     1>Target "AfterLib: (TargetId:72)" in file "C:\Program Files\Microsoft Visual Studio\2022\Community\MSBuild\Microsoft\VC\v170\Microsoft.CppBuild.targets" from project "C:\Users\chris\TomatoEngine\bx.vcxproj" (target "_Lib" depends on it):
20:58:29.805     1>Done building target "AfterLib" in project "bx.vcxproj".: (TargetId:72)
20:58:29.805     1>Target "_Lib: (TargetId:73)" in file "C:\Program Files\Microsoft Visual Studio\2022\Community\MSBuild\Microsoft\VC\v170\Microsoft.CppBuild.targets" from project "C:\Users\chris\TomatoEngine\bx.vcxproj" (target "_BuildCompileAction" depends on it):
20:58:29.805     1>Done building target "_Lib" in project "bx.vcxproj".: (TargetId:73)
20:58:29.806     1>Target "AfterBuildCompileEvent: (TargetId:74)" in file "C:\Program Files\Microsoft Visual Studio\2022\Community\MSBuild\Microsoft\VC\v170\Microsoft.CppBuild.targets" from project "C:\Users\chris\TomatoEngine\bx.vcxproj" (target "_BuildCompileAction" depends on it):
20:58:29.806     1>Done building target "AfterBuildCompileEvent" in project "bx.vcxproj".: (TargetId:74)
20:58:29.806     1>Target "_BuildCompileAction: (TargetId:75)" in file "C:\Program Files\Microsoft Visual Studio\2022\Community\MSBuild\Microsoft\VC\v170\Microsoft.CppBuild.targets" from project "C:\Users\chris\TomatoEngine\bx.vcxproj" (target "BuildCompile" depends on it):
20:58:29.806     1>Done building target "_BuildCompileAction" in project "bx.vcxproj".: (TargetId:75)
20:58:29.806     1>Target "BuildCompile: (TargetId:76)" in file "C:\Program Files\Microsoft Visual Studio\2022\Community\MSBuild\Current\Bin\amd64\Microsoft.Common.CurrentVersion.targets" from project "C:\Users\chris\TomatoEngine\bx.vcxproj" (target "Build" depends on it):
20:58:29.806     1>Done building target "BuildCompile" in project "bx.vcxproj".: (TargetId:76)
20:58:29.806     1>Target "BuildLinkTraverse: (TargetId:77)" in file "C:\Program Files\Microsoft Visual Studio\2022\Community\MSBuild\Current\Bin\amd64\Microsoft.Common.CurrentVersion.targets" from project "C:\Users\chris\TomatoEngine\bx.vcxproj" (target "BuildLink" depends on it):
20:58:29.806     1>Done building target "BuildLinkTraverse" in project "bx.vcxproj".: (TargetId:77)
20:58:29.806     1>Target "ComputeLegacyManifestEmbedding: (TargetId:78)" in file "C:\Program Files\Microsoft Visual Studio\2022\Community\MSBuild\Microsoft\VC\v170\Microsoft.CppBuild.targets" from project "C:\Users\chris\TomatoEngine\bx.vcxproj" (target "_BuildLinkAction" depends on it):
20:58:29.806     1>Done building target "ComputeLegacyManifestEmbedding" in project "bx.vcxproj".: (TargetId:78)
20:58:29.806     1>Target "_ALink: (TargetId:79)" in file "C:\Program Files\Microsoft Visual Studio\2022\Community\MSBuild\Microsoft\VC\v170\Microsoft.CppBuild.targets" from project "C:\Users\chris\TomatoEngine\bx.vcxproj" (target "_BuildLinkAction" depends on it):
20:58:29.806     1>Done building target "_ALink" in project "bx.vcxproj".: (TargetId:79)
20:58:29.806     1>Target "_Manifest: (TargetId:80)" in file "C:\Program Files\Microsoft Visual Studio\2022\Community\MSBuild\Microsoft\VC\v170\Microsoft.CppBuild.targets" from project "C:\Users\chris\TomatoEngine\bx.vcxproj" (target "_BuildLinkAction" depends on it):
20:58:29.806     1>Done building target "_Manifest" in project "bx.vcxproj".: (TargetId:80)
20:58:29.806     1>Target "RegisterOutput: (TargetId:81)" in file "C:\Program Files\Microsoft Visual Studio\2022\Community\MSBuild\Microsoft\VC\v170\Microsoft.CppCommon.targets" from project "C:\Users\chris\TomatoEngine\bx.vcxproj" (target "_BuildLinkAction" depends on it):
20:58:29.806     1>Done building target "RegisterOutput" in project "bx.vcxproj".: (TargetId:81)
20:58:29.806     1>Target "ResolvedXDCMake: (TargetId:82)" in file "C:\Program Files\Microsoft Visual Studio\2022\Community\MSBuild\Microsoft\VC\v170\Microsoft.CppBuild.targets" from project "C:\Users\chris\TomatoEngine\bx.vcxproj" (target "_XdcMake" depends on it):
20:58:29.806     1>Done building target "ResolvedXDCMake" in project "bx.vcxproj".: (TargetId:82)
20:58:29.806     1>Target "ComputeCLCompileGeneratedXDCFiles: (TargetId:83)" in file "C:\Program Files\Microsoft Visual Studio\2022\Community\MSBuild\Microsoft\VC\v170\Microsoft.CppBuild.targets" from project "C:\Users\chris\TomatoEngine\bx.vcxproj" (target "_XdcMake" depends on it):
20:58:29.806     1>Done building target "ComputeCLCompileGeneratedXDCFiles" in project "bx.vcxproj".: (TargetId:83)
20:58:29.806     1>Target "MakeDirsForXdcMake: (TargetId:84)" in file "C:\Program Files\Microsoft Visual Studio\2022\Community\MSBuild\Microsoft\VC\v170\Microsoft.CppBuild.targets" from project "C:\Users\chris\TomatoEngine\bx.vcxproj" (target "_XdcMake" depends on it):
                   Task "MakeDir" (TaskId:35)
                   Done executing task "MakeDir". (TaskId:35)
20:58:29.806     1>Done building target "MakeDirsForXdcMake" in project "bx.vcxproj".: (TargetId:84)
20:58:29.806     1>Target "_XdcMake: (TargetId:85)" in file "C:\Program Files\Microsoft Visual Studio\2022\Community\MSBuild\Microsoft\VC\v170\Microsoft.CppBuild.targets" from project "C:\Users\chris\TomatoEngine\bx.vcxproj" (target "_BuildLinkAction" depends on it):
20:58:29.806     1>Done building target "_XdcMake" in project "bx.vcxproj".: (TargetId:85)
20:58:29.806     1>Target "ComputeCLCompileGeneratedSbrFiles: (TargetId:86)" in file "C:\Program Files\Microsoft Visual Studio\2022\Community\MSBuild\Microsoft\VC\v170\Microsoft.CppBuild.targets" from project "C:\Users\chris\TomatoEngine\bx.vcxproj" (target "_BscMake" depends on it):
20:58:29.806     1>Done building target "ComputeCLCompileGeneratedSbrFiles" in project "bx.vcxproj".: (TargetId:86)
20:58:29.806     1>Target "MakeDirsForBscMake: (TargetId:87)" in file "C:\Program Files\Microsoft Visual Studio\2022\Community\MSBuild\Microsoft\VC\v170\Microsoft.CppBuild.targets" from project "C:\Users\chris\TomatoEngine\bx.vcxproj" (target "_BscMake" depends on it):
                   Task "MakeDir" (TaskId:36)
                   Done executing task "MakeDir". (TaskId:36)
20:58:29.806     1>Done building target "MakeDirsForBscMake" in project "bx.vcxproj".: (TargetId:87)
20:58:29.806     1>Target "_BscMake: (TargetId:88)" in file "C:\Program Files\Microsoft Visual Studio\2022\Community\MSBuild\Microsoft\VC\v170\Microsoft.CppBuild.targets" from project "C:\Users\chris\TomatoEngine\bx.vcxproj" (target "_BuildLinkAction" depends on it):
20:58:29.806     1>Done building target "_BscMake" in project "bx.vcxproj".: (TargetId:88)
20:58:29.806     1>Target "BuiltProjectOutputGroup: (TargetId:89)" in file "C:\Program Files\Microsoft Visual Studio\2022\Community\MSBuild\Microsoft\VC\v170\Microsoft.CppBuild.targets" from project "C:\Users\chris\TomatoEngine\bx.vcxproj" (target "CreateRecipeFile" depends on it):
20:58:29.807     1>Done building target "BuiltProjectOutputGroup" in project "bx.vcxproj".: (TargetId:89)
20:58:29.807     1>Target "AssignTargetPaths: (TargetId:90)" in file "C:\Program Files\Microsoft Visual Studio\2022\Community\MSBuild\Current\Bin\amd64\Microsoft.Common.CurrentVersion.targets" from project "C:\Users\chris\TomatoEngine\bx.vcxproj" (target "PrepareResourceNames" depends on it):
                   Task "AssignTargetPath" (TaskId:37)
                   Done executing task "AssignTargetPath". (TaskId:37)
                   Task "AssignTargetPath" (TaskId:38)
                   Done executing task "AssignTargetPath". (TaskId:38)
                   Task "AssignTargetPath" (TaskId:39)
                   Done executing task "AssignTargetPath". (TaskId:39)
                   Task "AssignTargetPath" (TaskId:40)
                   Done executing task "AssignTargetPath". (TaskId:40)
20:58:29.807     1>Done building target "AssignTargetPaths" in project "bx.vcxproj".: (TargetId:90)
20:58:29.807     1>Target "SplitResourcesByCulture: (TargetId:91)" in file "C:\Program Files\Microsoft Visual Studio\2022\Community\MSBuild\Current\Bin\amd64\Microsoft.Common.CurrentVersion.targets" from project "C:\Users\chris\TomatoEngine\bx.vcxproj" (target "PrepareResourceNames" depends on it):
                   Task "AssignCulture" (TaskId:41)
                   Done executing task "AssignCulture". (TaskId:41)
20:58:29.807     1>Done building target "SplitResourcesByCulture" in project "bx.vcxproj".: (TargetId:91)
20:58:29.808     1>Target "CreateCustomManifestResourceNames: (TargetId:92)" in file "C:\Program Files\Microsoft Visual Studio\2022\Community\MSBuild\Current\Bin\amd64\Microsoft.Common.CurrentVersion.targets" from project "C:\Users\chris\TomatoEngine\bx.vcxproj" (target "PrepareResourceNames" depends on it):
20:58:29.808     1>Done building target "CreateCustomManifestResourceNames" in project "bx.vcxproj".: (TargetId:92)
20:58:29.808     1>Target "PrepareResourceNames: (TargetId:93)" in file "C:\Program Files\Microsoft Visual Studio\2022\Community\MSBuild\Current\Bin\amd64\Microsoft.Common.CurrentVersion.targets" from project "C:\Users\chris\TomatoEngine\bx.vcxproj" (target "SatelliteDllsProjectOutputGroup" depends on it):
20:58:29.808     1>Done building target "PrepareResourceNames" in project "bx.vcxproj".: (TargetId:93)
20:58:29.808     1>Target "SatelliteDllsProjectOutputGroup: (TargetId:94)" in file "C:\Program Files\Microsoft Visual Studio\2022\Community\MSBuild\Current\Bin\amd64\Microsoft.Common.CurrentVersion.targets" from project "C:\Users\chris\TomatoEngine\bx.vcxproj" (target "CreateRecipeFile" depends on it):
20:58:29.808     1>Done building target "SatelliteDllsProjectOutputGroup" in project "bx.vcxproj".: (TargetId:94)
20:58:29.808     1>Target "MakeDirsForFxc: (TargetId:95)" in file "C:\Program Files\Microsoft Visual Studio\2022\Community\MSBuild\Microsoft\VC\v170\Microsoft.CppBuild.targets" from project "C:\Users\chris\TomatoEngine\bx.vcxproj" (target "ContentFilesProjectOutputGroup" depends on it):
                   Task "MakeDir" (TaskId:42)
                   Done executing task "MakeDir". (TaskId:42)
20:58:29.808     1>Done building target "MakeDirsForFxc" in project "bx.vcxproj".: (TargetId:95)
20:58:29.808     1>Target "ContentFilesProjectOutputGroup: (TargetId:96)" in file "C:\Program Files\Microsoft Visual Studio\2022\Community\MSBuild\Microsoft\VC\v170\Microsoft.CppBuild.targets" from project "C:\Users\chris\TomatoEngine\bx.vcxproj" (target "CreateRecipeFile" depends on it):
20:58:29.809     1>Done building target "ContentFilesProjectOutputGroup" in project "bx.vcxproj".: (TargetId:96)
20:58:29.809     1>Target "CreateRecipeFile: (TargetId:97)" in file "C:\Program Files\Microsoft Visual Studio\2022\Community\MSBuild\Microsoft\VC\v170\Microsoft.CppBuild.targets" from project "C:\Users\chris\TomatoEngine\bx.vcxproj" (target "_BuildLinkAction" depends on it):
                   Task "GenerateDesktopDeployRecipe" (TaskId:43)
                   Done executing task "GenerateDesktopDeployRecipe". (TaskId:43)
20:58:29.823     1>Done building target "CreateRecipeFile" in project "bx.vcxproj".: (TargetId:97)
20:58:29.823     1>Target "_GenerateSatelliteAssemblyInputs: (TargetId:98)" in file "C:\Program Files\Microsoft Visual Studio\2022\Community\MSBuild\Current\Bin\amd64\Microsoft.Common.CurrentVersion.targets" from project "C:\Users\chris\TomatoEngine\bx.vcxproj" (target "CreateSatelliteAssemblies" depends on it):
20:58:29.823     1>Done building target "_GenerateSatelliteAssemblyInputs" in project "bx.vcxproj".: (TargetId:98)
20:58:29.823     1>Target "CreateSatelliteAssemblies: (TargetId:99)" in file "C:\Program Files\Microsoft Visual Studio\2022\Community\MSBuild\Current\Bin\amd64\Microsoft.Common.CurrentVersion.targets" from project "C:\Users\chris\TomatoEngine\bx.vcxproj" (target "_BuildLinkAction" depends on it):
20:58:29.823     1>Done building target "CreateSatelliteAssemblies" in project "bx.vcxproj".: (TargetId:99)
20:58:29.823     1>Target "_Appverifier: (TargetId:100)" in file "C:\Program Files\Microsoft Visual Studio\2022\Community\MSBuild\Microsoft\VC\v170\Microsoft.CppBuild.targets" from project "C:\Users\chris\TomatoEngine\bx.vcxproj" (target "_BuildLinkAction" depends on it):
20:58:29.823     1>Done building target "_Appverifier" in project "bx.vcxproj".: (TargetId:100)
20:58:29.823     1>Target "_Deploy: (TargetId:101)" in file "C:\Program Files\Microsoft Visual Studio\2022\Community\MSBuild\Microsoft\VC\v170\Microsoft.CppBuild.targets" from project "C:\Users\chris\TomatoEngine\bx.vcxproj" (target "_BuildLinkAction" depends on it):
20:58:29.823     1>Done building target "_Deploy" in project "bx.vcxproj".: (TargetId:101)
20:58:29.823     1>Target "_PopulateCommonStateForGetCopyToOutputDirectoryItems: (TargetId:102)" in file "C:\Program Files\Microsoft Visual Studio\2022\Community\MSBuild\Current\Bin\amd64\Microsoft.Common.CurrentVersion.targets" from project "C:\Users\chris\TomatoEngine\bx.vcxproj" (target "GetCopyToOutputDirectoryItems" depends on it):
20:58:29.823     1>Done building target "_PopulateCommonStateForGetCopyToOutputDirectoryItems" in project "bx.vcxproj".: (TargetId:102)
20:58:29.823     1>Target "GetCopyToOutputDirectoryXamlAppDefs: (TargetId:103)" in file "C:\WINDOWS\Microsoft.NET\Framework\v4.0.30319\Microsoft.Xaml.targets" from project "C:\Users\chris\TomatoEngine\bx.vcxproj" (target "GetCopyToOutputDirectoryItems" depends on it):
                   Task "AssignTargetPath" (TaskId:44)
                   Done executing task "AssignTargetPath". (TaskId:44)
20:58:29.823     1>Done building target "GetCopyToOutputDirectoryXamlAppDefs" in project "bx.vcxproj".: (TargetId:103)
20:58:29.823     1>Target "GetCopyToOutputDirectoryItems: (TargetId:104)" in file "C:\Program Files\Microsoft Visual Studio\2022\Community\MSBuild\Current\Bin\amd64\Microsoft.Common.CurrentVersion.targets" from project "C:\Users\chris\TomatoEngine\bx.vcxproj" (target "_CopySourceItemsToOutputDirectory" depends on it):
                   Task "CallTarget" (TaskId:45)
20:58:29.823     1>Target "_GetCopyToOutputDirectoryItemsFromTransitiveProjectReferences: (TargetId:105)" in file "C:\Program Files\Microsoft Visual Studio\2022\Community\MSBuild\Current\Bin\amd64\Microsoft.Common.CurrentVersion.targets" from project "C:\Users\chris\TomatoEngine\bx.vcxproj" (target "GetCopyToOutputDirectoryItems" depends on it):
                   Task "AssignTargetPath" (TaskId:46)
                   Done executing task "AssignTargetPath". (TaskId:46)
20:58:29.824     1>Done building target "_GetCopyToOutputDirectoryItemsFromTransitiveProjectReferences" in project "bx.vcxproj".: (TargetId:105)
                   Done executing task "CallTarget". (TaskId:45)
                   Task "CallTarget" (TaskId:47)
20:58:29.824     1>Target "_GetCopyToOutputDirectoryItemsFromThisProject: (TargetId:106)" in file "C:\Program Files\Microsoft Visual Studio\2022\Community\MSBuild\Current\Bin\amd64\Microsoft.Common.CurrentVersion.targets" from project "C:\Users\chris\TomatoEngine\bx.vcxproj" (target "GetCopyToOutputDirectoryItems" depends on it):
                   Task "AssignTargetPath" (TaskId:48)
                   Done executing task "AssignTargetPath". (TaskId:48)
20:58:29.824     1>Done building target "_GetCopyToOutputDirectoryItemsFromThisProject" in project "bx.vcxproj".: (TargetId:106)
                   Done executing task "CallTarget". (TaskId:47)
20:58:29.824     1>Done building target "GetCopyToOutputDirectoryItems" in project "bx.vcxproj".: (TargetId:104)
20:58:29.824     1>Target "_CopySourceItemsToOutputDirectory: (TargetId:107)" in file "C:\Program Files\Microsoft Visual Studio\2022\Community\MSBuild\Current\Bin\amd64\Microsoft.Common.CurrentVersion.targets" from project "C:\Users\chris\TomatoEngine\bx.vcxproj" (target "CopyFilesToOutputDirectory" depends on it):
20:58:29.824     1>Done building target "_CopySourceItemsToOutputDirectory" in project "bx.vcxproj".: (TargetId:107)
20:58:29.824     1>Target "_CheckForCompileOutputs: (TargetId:108)" in file "C:\Program Files\Microsoft Visual Studio\2022\Community\MSBuild\Current\Bin\amd64\Microsoft.Common.CurrentVersion.targets" from project "C:\Users\chris\TomatoEngine\bx.vcxproj" (target "CopyFilesToOutputDirectory" depends on it):
20:58:29.824     1>Done building target "_CheckForCompileOutputs" in project "bx.vcxproj".: (TargetId:108)
20:58:29.824     1>Target "CopyFilesToOutputDirectory: (TargetId:109)" in file "C:\Program Files\Microsoft Visual Studio\2022\Community\MSBuild\Current\Bin\amd64\Microsoft.Common.CurrentVersion.targets" from project "C:\Users\chris\TomatoEngine\bx.vcxproj" (target "PrepareForRun" depends on it):
20:58:29.824     1>Done building target "CopyFilesToOutputDirectory" in project "bx.vcxproj".: (TargetId:109)
20:58:29.824     1>Target "PrepareForRun: (TargetId:110)" in file "C:\Program Files\Microsoft Visual Studio\2022\Community\MSBuild\Current\Bin\amd64\Microsoft.Common.CurrentVersion.targets" from project "C:\Users\chris\TomatoEngine\bx.vcxproj" (target "_BuildLinkAction" depends on it):
20:58:29.824     1>Done building target "PrepareForRun" in project "bx.vcxproj".: (TargetId:110)
20:58:29.824     1>Target "PostBuildEvent: (TargetId:111)" in file "C:\Program Files\Microsoft Visual Studio\2022\Community\MSBuild\Microsoft\VC\v170\Microsoft.CppCommon.targets" from project "C:\Users\chris\TomatoEngine\bx.vcxproj" (target "_BuildLinkAction" depends on it):
20:58:29.824     1>Done building target "PostBuildEvent" in project "bx.vcxproj".: (TargetId:111)
20:58:29.824     1>Target "_BuildLinkAction: (TargetId:112)" in file "C:\Program Files\Microsoft Visual Studio\2022\Community\MSBuild\Microsoft\VC\v170\Microsoft.CppBuild.targets" from project "C:\Users\chris\TomatoEngine\bx.vcxproj" (target "BuildLink" depends on it):
20:58:29.824     1>Done building target "_BuildLinkAction" in project "bx.vcxproj".: (TargetId:112)
20:58:29.824     1>Target "BuildLink: (TargetId:113)" in file "C:\Program Files\Microsoft Visual Studio\2022\Community\MSBuild\Current\Bin\amd64\Microsoft.Common.CurrentVersion.targets" from project "C:\Users\chris\TomatoEngine\bx.vcxproj" (target "Build" depends on it):
20:58:29.824     1>Done building target "BuildLink" in project "bx.vcxproj".: (TargetId:113)
20:58:29.824     1>Target "AfterBuild: (TargetId:114)" in file "C:\Program Files\Microsoft Visual Studio\2022\Community\MSBuild\Microsoft\VC\v170\Microsoft.BuildSteps.Targets" from project "C:\Users\chris\TomatoEngine\bx.vcxproj" (target "Build" depends on it):
20:58:29.824     1>Done building target "AfterBuild" in project "bx.vcxproj".: (TargetId:114)
20:58:29.824     1>Target "_CleanGetCurrentAndPriorFileWrites: (TargetId:115)" in file "C:\Program Files\Microsoft Visual Studio\2022\Community\MSBuild\Current\Bin\amd64\Microsoft.Common.CurrentVersion.targets" from project "C:\Users\chris\TomatoEngine\bx.vcxproj" (target "IncrementalClean" depends on it):
                   Task "ReadLinesFromFile" (TaskId:49)
                   Done executing task "ReadLinesFromFile". (TaskId:49)
                   Task "ConvertToAbsolutePath" (TaskId:50)
                   Done executing task "ConvertToAbsolutePath". (TaskId:50)
                   Task "FindUnderPath" (TaskId:51)
                   Done executing task "FindUnderPath". (TaskId:51)
                   Task "FindUnderPath" (TaskId:52)
                   Done executing task "FindUnderPath". (TaskId:52)
                   Task "FindUnderPath" (TaskId:53)
                   Done executing task "FindUnderPath". (TaskId:53)
                   Task "RemoveDuplicates" (TaskId:54)
                   Done executing task "RemoveDuplicates". (TaskId:54)
20:58:29.827     1>Done building target "_CleanGetCurrentAndPriorFileWrites" in project "bx.vcxproj".: (TargetId:115)
20:58:29.827     1>Target "IncrementalClean: (TargetId:116)" in file "C:\Program Files\Microsoft Visual Studio\2022\Community\MSBuild\Current\Bin\amd64\Microsoft.Common.CurrentVersion.targets" from project "C:\Users\chris\TomatoEngine\bx.vcxproj" (target "Build" depends on it):
                   Task "FindUnderPath" (TaskId:55)
                   Done executing task "FindUnderPath". (TaskId:55)
                   Task "FindUnderPath" (TaskId:56)
                   Done executing task "FindUnderPath". (TaskId:56)
                   Task "Delete" (TaskId:57)
                   Done executing task "Delete". (TaskId:57)
                   Task "RemoveDuplicates" (TaskId:58)
                   Done executing task "RemoveDuplicates". (TaskId:58)
20:58:29.827     1>Done building target "IncrementalClean" in project "bx.vcxproj".: (TargetId:116)
20:58:29.827     1>Target "TlogCleanup: (TargetId:117)" in file "C:\Program Files\Microsoft Visual Studio\2022\Community\MSBuild\Microsoft\VC\v170\Microsoft.CppBuild.targets" from project "C:\Users\chris\TomatoEngine\bx.vcxproj" (target "Build" depends on it):
                   Task "CleanupStaleTlogItems" (TaskId:59)
                   Done executing task "CleanupStaleTlogItems". (TaskId:59)
20:58:29.836     1>Done building target "TlogCleanup" in project "bx.vcxproj".: (TargetId:117)
20:58:29.836     1>Target "FinalizeBuildStatus: (TargetId:118)" in file "C:\Program Files\Microsoft Visual Studio\2022\Community\MSBuild\Microsoft\VC\v170\Microsoft.CppBuild.targets" from project "C:\Users\chris\TomatoEngine\bx.vcxproj" (target "Build" depends on it):
                   Task "Delete" (TaskId:60)
                   Done executing task "Delete". (TaskId:60)
                   Task "Touch" (TaskId:61)
                   Done executing task "Touch". (TaskId:61)
20:58:29.839     1>Done building target "FinalizeBuildStatus" in project "bx.vcxproj".: (TargetId:118)
20:58:29.839     1>Target "Build: (TargetId:119)" in file "C:\Program Files\Microsoft Visual Studio\2022\Community\MSBuild\Microsoft\VC\v170\Microsoft.BuildSteps.Targets" from project "C:\Users\chris\TomatoEngine\bx.vcxproj" (entry point):
20:58:29.839     1>Done building target "Build" in project "bx.vcxproj".: (TargetId:119)
20:58:29.839     1>Done Building Project "C:\Users\chris\TomatoEngine\bx.vcxproj" (Build target(s)).

Project Performance Summary:
      182 ms  C:\Users\chris\TomatoEngine\bx.vcxproj     1 calls
                182 ms  Build                                      1 calls

Target Performance Summary:
        0 ms  _ResourceCompile                           1 calls
        0 ms  RegisterOutput                             1 calls
        0 ms  _Manifest                                  1 calls
        0 ms  _ALink                                     1 calls
        0 ms  ComputeLegacyManifestEmbedding             1 calls
        0 ms  BuildLinkTraverse                          1 calls
        0 ms  BuildCompile                               1 calls
        0 ms  _BuildCompileAction                        1 calls
        0 ms  AfterBuildCompileEvent                     1 calls
        0 ms  _Lib                                       1 calls
        0 ms  AfterLib                                   1 calls
        0 ms  ResolvedXDCMake                            1 calls
        0 ms  PreLinkEvent                               1 calls
        0 ms  MakeDirsForLib                             1 calls
        0 ms  ComputeLibInputsFromProject                1 calls
        0 ms  ComputeRCGeneratedLibInputs                1 calls
        0 ms  ComputeRCOutputs                           1 calls
        0 ms  ComputeLibAdditionalOptions                1 calls
        0 ms  BeforeLib                                  1 calls
        0 ms  AfterResourceCompile                       1 calls
        0 ms  MakeDirsForResourceCompile                 1 calls
        0 ms  BeforeResourceCompile                      1 calls
        0 ms  _ClCompile                                 1 calls
        0 ms  DoLibOutputFilesMatch                      1 calls
        0 ms  AfterClCompile                             1 calls
        0 ms  ComputeCLCompileGeneratedXDCFiles          1 calls
        0 ms  _XdcMake                                   1 calls
        0 ms  AfterBuild                                 1 calls
        0 ms  BuildLink                                  1 calls
        0 ms  _BuildLinkAction                           1 calls
        0 ms  PostBuildEvent                             1 calls
        0 ms  PrepareForRun                              1 calls
        0 ms  CopyFilesToOutputDirectory                 1 calls
        0 ms  _CheckForCompileOutputs                    1 calls
        0 ms  _CopySourceItemsToOutputDirectory          1 calls
        0 ms  _GetCopyToOutputDirectoryItemsFromThisProject   1 calls
        0 ms  _PopulateCommonStateForGetCopyToOutputDirectoryItems   1 calls
        0 ms  MakeDirsForXdcMake                         1 calls
        0 ms  _Deploy                                    1 calls
        0 ms  CreateSatelliteAssemblies                  1 calls
        0 ms  _GenerateSatelliteAssemblyInputs           1 calls
        0 ms  MakeDirsForFxc                             1 calls
        0 ms  SatelliteDllsProjectOutputGroup            1 calls
        0 ms  PrepareResourceNames                       1 calls
        0 ms  CreateCustomManifestResourceNames          1 calls
        0 ms  SplitResourcesByCulture                    1 calls
        0 ms  _BscMake                                   1 calls
        0 ms  MakeDirsForBscMake                         1 calls
        0 ms  ComputeCLCompileGeneratedSbrFiles          1 calls
        0 ms  _Appverifier                               1 calls
        0 ms  SelectClCompile                            1 calls
        0 ms  Build                                      1 calls
        0 ms  AfterResolveReferences                     1 calls
        0 ms  _PrepareForReferenceResolution             1 calls
        0 ms  ComputeCustomBuildOutput                   1 calls
        0 ms  SelectCustomBuild                          1 calls
        0 ms  _SelectedFiles                             1 calls
        0 ms  BeforeBuildGenerateSources                 1 calls
        0 ms  BuildGenerateSourcesTraverse               1 calls
        0 ms  BeforeResolveReferences                    1 calls
        0 ms  ResolveReferences                          1 calls
        0 ms  CopyFileToFolders                          1 calls
        0 ms  ResolveAssemblyReferences                  1 calls
        0 ms  ResolveSDKReferences                       1 calls
        0 ms  _CheckWindowsSDKInstalled                  1 calls
        0 ms  GetResolvedWinMD                           1 calls
        0 ms  _SplitProjectReferencesByFileExistence     1 calls
        0 ms  AddExternalIncludDirectoriesToPaths        1 calls
        0 ms  GetFrameworkPaths                          1 calls
        0 ms  ResolveProjectReferences                   1 calls
        0 ms  PrepareProjectReferences                   1 calls
        0 ms  ExpandSDKReferences                        1 calls
        0 ms  _Xsd                                       1 calls
        0 ms  PreBuildEvent                              1 calls
        0 ms  ComputeMIDLGeneratedCompileInputs          1 calls
        0 ms  ComputeReferenceCLInput                    1 calls
        0 ms  GetReferencedVCProjectsInfo                1 calls
        0 ms  FindReferenceAssembliesForReferences       1 calls
        0 ms  ComputeCLInputPDBName                      1 calls
        0 ms  MakeDirsForMidl                            1 calls
        0 ms  BeforeClCompile                            1 calls
        0 ms  BuildGenerateSources                       1 calls
        0 ms  _AddOutputPathToGlobalPropertiesToRemove   1 calls
        0 ms  _BuildGenerateSourcesAction                1 calls
        0 ms  AfterMidl                                  1 calls
        0 ms  _PrepareForBuild                           1 calls
        0 ms  _Midl                                      1 calls
        0 ms  AfterBuildGenerateSourcesEvent             1 calls
        0 ms  AfterBuildGenerateSources                  1 calls
        0 ms  IncrementalClean                           1 calls
        1 ms  ComputeCLOutputs                           1 calls
        1 ms  ContentFilesProjectOutputGroup             1 calls
        1 ms  ComputeCLGeneratedLibInputs                1 calls
        1 ms  _GetProjectReferenceTargetFrameworkProperties   1 calls
        1 ms  SetCABuildNativeEnvironmentVariables       1 calls
        1 ms  AssignProjectConfiguration                 1 calls
        1 ms  BuildCompileTraverse                       1 calls
        1 ms  GetCopyToOutputDirectoryXamlAppDefs        1 calls
        1 ms  SetBuildDefaultEnvironmentVariables        1 calls
        1 ms  ComputeStdModulesCompileInputs             1 calls
        1 ms  MakeDirsForCl                              1 calls
        1 ms  AssignTargetPaths                          1 calls
        1 ms  SetTelemetryEnvironmentVariables           1 calls
        1 ms  GetCopyToOutputDirectoryItems              1 calls
        1 ms  _GetCopyToOutputDirectoryItemsFromTransitiveProjectReferences   1 calls
        1 ms  BuiltProjectOutputGroup                    1 calls
        1 ms  GetReferenceAssemblyPaths                  1 calls
        2 ms  _CheckForInvalidConfigurationAndPlatform   1 calls
        2 ms  PrepareForBuild                            1 calls
        2 ms  _CleanGetCurrentAndPriorFileWrites         1 calls
        3 ms  FinalizeBuildStatus                        1 calls
        6 ms  InitializeBuildStatus                      1 calls
        6 ms  FixupCLCompileOptions                      1 calls
        9 ms  CustomBuild                                1 calls
        9 ms  TlogCleanup                                1 calls
       14 ms  CreateRecipeFile                           1 calls
       19 ms  Lib                                        1 calls
       97 ms  ClCompile                                  1 calls

Task Performance Summary:
        0 ms  AssignCulture                              1 calls
        0 ms  AssignProjectConfiguration                 1 calls
        0 ms  MSBuild                                    1 calls
        0 ms  SetRidAgnosticValueForProjects             1 calls
        0 ms  CheckVCToolsetVersion                      1 calls
        0 ms  AssignTargetPath                           7 calls
        0 ms  ConvertToAbsolutePath                      1 calls
        0 ms  FindUnderPath                              5 calls
        0 ms  Delete                                     2 calls
        1 ms  MakeDir                                   10 calls
        1 ms  Message                                    3 calls
        1 ms  CallTarget                                 2 calls
        1 ms  RemoveDuplicates                           2 calls
        2 ms  ReadLinesFromFile                          2 calls
        2 ms  SetEnv                                    11 calls
        2 ms  WriteLinesToFile                           1 calls
        4 ms  Touch                                      2 calls
        9 ms  CleanupStaleTlogItems                      1 calls
        9 ms  GetOutOfDateItems                          3 calls
       14 ms  GenerateDesktopDeployRecipe                1 calls
       18 ms  LIB                                        1 calls
       94 ms  CL                                         1 calls

Build succeeded.
    0 Warning(s)
    0 Error(s)

Time Elapsed 00:00:00.18
